2026-01-14 13:56:05.087 +01:00 [INF] Acquiring an exclusive lock for migration application. See https://aka.ms/efcore-docs-migrations-lock for more information if this takes too long.
2026-01-14 13:56:05.167 +01:00 [INF] Executed DbCommand (32ms) [Parameters=[], CommandType='"Text"', CommandTimeout='30']
SELECT COUNT(*) FROM "sqlite_master" WHERE "name" = '__EFMigrationsLock' AND "type" = 'table';
2026-01-14 13:56:05.178 +01:00 [INF] Executed DbCommand (3ms) [Parameters=[], CommandType='"Text"', CommandTimeout='30']
INSERT OR IGNORE INTO "__EFMigrationsLock"("Id", "Timestamp") VALUES(1, '2026-01-14 12:56:05.1752705+00:00');
SELECT changes();
2026-01-14 13:56:05.238 +01:00 [INF] Executed DbCommand (2ms) [Parameters=[], CommandType='"Text"', CommandTimeout='30']
CREATE TABLE IF NOT EXISTS "__EFMigrationsHistory" (
    "MigrationId" TEXT NOT NULL CONSTRAINT "PK___EFMigrationsHistory" PRIMARY KEY,
    "ProductVersion" TEXT NOT NULL
);
2026-01-14 13:56:05.252 +01:00 [INF] Executed DbCommand (0ms) [Parameters=[], CommandType='"Text"', CommandTimeout='30']
SELECT COUNT(*) FROM "sqlite_master" WHERE "name" = '__EFMigrationsHistory' AND "type" = 'table';
2026-01-14 13:56:05.257 +01:00 [INF] Executed DbCommand (1ms) [Parameters=[], CommandType='"Text"', CommandTimeout='30']
SELECT "MigrationId", "ProductVersion"
FROM "__EFMigrationsHistory"
ORDER BY "MigrationId";
2026-01-14 13:56:05.270 +01:00 [INF] Applying migration '20260113114852_FixedDatabase'.
2026-01-14 13:56:05.294 +01:00 [ERR] Failed executing DbCommand (4ms) [Parameters=[], CommandType='"Text"', CommandTimeout='30']
CREATE TABLE "BalanceTransactions" (
    "id" TEXT NOT NULL CONSTRAINT "PK_BalanceTransactions" PRIMARY KEY,
    "user_id" TEXT NOT NULL,
    "balance_id" TEXT NULL,
    "amount" TEXT NOT NULL,
    "currency" TEXT NOT NULL,
    "type" INTEGER NOT NULL,
    "description" TEXT NULL,
    "payment_id" TEXT NULL,
    "session_id" TEXT NULL,
    "created_at" TEXT NOT NULL
);
2026-01-14 13:56:05.334 +01:00 [INF] User profile is available. Using 'C:\Users\IremP\AppData\Local\ASP.NET\DataProtection-Keys' as key repository and Windows DPAPI to encrypt keys at rest.
2026-01-14 13:56:05.425 +01:00 [INF] Now listening on: http://localhost:5001
2026-01-14 13:56:05.428 +01:00 [INF] Application started. Press Ctrl+C to shut down.
2026-01-14 13:56:05.429 +01:00 [INF] Hosting environment: Production
2026-01-14 13:56:05.431 +01:00 [INF] Content root path: C:\Users\IremP\OneDrive\college\Github\Software_Construction\CSharp Parking API
