2026-01-13 12:49:05.904 +01:00 [INF] Acquiring an exclusive lock for migration application. See https://aka.ms/efcore-docs-migrations-lock for more information if this takes too long.
2026-01-13 12:49:05.957 +01:00 [INF] Executed DbCommand (9ms) [Parameters=[], CommandType='"Text"', CommandTimeout='30']
SELECT COUNT(*) FROM "sqlite_master" WHERE "name" = '__EFMigrationsLock' AND "type" = 'table';
2026-01-13 12:49:05.971 +01:00 [INF] Executed DbCommand (8ms) [Parameters=[], CommandType='"Text"', CommandTimeout='30']
CREATE TABLE IF NOT EXISTS "__EFMigrationsLock" (
    "Id" INTEGER NOT NULL CONSTRAINT "PK___EFMigrationsLock" PRIMARY KEY,
    "Timestamp" TEXT NOT NULL
);
2026-01-13 12:49:05.979 +01:00 [INF] Executed DbCommand (5ms) [Parameters=[], CommandType='"Text"', CommandTimeout='30']
INSERT OR IGNORE INTO "__EFMigrationsLock"("Id", "Timestamp") VALUES(1, '2026-01-13 11:49:05.9742148+00:00');
SELECT changes();
2026-01-13 12:49:06.025 +01:00 [INF] Executed DbCommand (1ms) [Parameters=[], CommandType='"Text"', CommandTimeout='30']
CREATE TABLE IF NOT EXISTS "__EFMigrationsHistory" (
    "MigrationId" TEXT NOT NULL CONSTRAINT "PK___EFMigrationsHistory" PRIMARY KEY,
    "ProductVersion" TEXT NOT NULL
);
2026-01-13 12:49:06.036 +01:00 [INF] Executed DbCommand (0ms) [Parameters=[], CommandType='"Text"', CommandTimeout='30']
SELECT COUNT(*) FROM "sqlite_master" WHERE "name" = '__EFMigrationsHistory' AND "type" = 'table';
2026-01-13 12:49:06.040 +01:00 [INF] Executed DbCommand (0ms) [Parameters=[], CommandType='"Text"', CommandTimeout='30']
SELECT "MigrationId", "ProductVersion"
FROM "__EFMigrationsHistory"
ORDER BY "MigrationId";
2026-01-13 12:49:06.049 +01:00 [INF] Applying migration '20251030115143_InitialCreate'.
2026-01-13 12:49:06.067 +01:00 [INF] Executed DbCommand (1ms) [Parameters=[], CommandType='"Text"', CommandTimeout='30']
CREATE TABLE "Parkinglots" (
    "id" TEXT NOT NULL CONSTRAINT "PK_Parkinglots" PRIMARY KEY,
    "name" TEXT NULL,
    "location" TEXT NULL,
    "address" TEXT NULL,
    "capacity" INTEGER NOT NULL,
    "reserved" INTEGER NOT NULL,
    "daytarriff" REAL NOT NULL,
    "created_at" TEXT NOT NULL,
    "coordinates_lat" REAL NULL,
    "coordinates_lng" REAL NULL
);
2026-01-13 12:49:06.070 +01:00 [INF] Executed DbCommand (0ms) [Parameters=[], CommandType='"Text"', CommandTimeout='30']
CREATE TABLE "Payments" (
    "hash" TEXT NOT NULL CONSTRAINT "PK_Payments" PRIMARY KEY,
    "transactions" TEXT NULL,
    "amount" REAL NOT NULL,
    "initiator" TEXT NULL,
    "created_at" TEXT NOT NULL,
    "completed" TEXT NOT NULL,
    "t_data_amount" REAL NULL,
    "t_data_date" TEXT NULL,
    "t_data_method" TEXT NULL,
    "t_data_issuer" TEXT NULL,
    "t_data_bank" TEXT NULL,
    "session_id" TEXT NOT NULL,
    "parking_lot_id" TEXT NOT NULL
);
2026-01-13 12:49:06.072 +01:00 [INF] Executed DbCommand (0ms) [Parameters=[], CommandType='"Text"', CommandTimeout='30']
CREATE TABLE "Reservations" (
    "id" TEXT NOT NULL CONSTRAINT "PK_Reservations" PRIMARY KEY,
    "user_id" TEXT NOT NULL,
    "parking_lot_id" TEXT NOT NULL,
    "vehicle_id" TEXT NOT NULL,
    "start_time" TEXT NOT NULL,
    "end_time" TEXT NOT NULL,
    "status" INTEGER NOT NULL,
    "created_at" TEXT NOT NULL,
    "cost" REAL NOT NULL
);
2026-01-13 12:49:06.075 +01:00 [INF] Executed DbCommand (0ms) [Parameters=[], CommandType='"Text"', CommandTimeout='30']
CREATE TABLE "Sessions" (
    "id" TEXT NOT NULL CONSTRAINT "PK_Sessions" PRIMARY KEY,
    "parking_lot_id" TEXT NOT NULL,
    "license_plate" TEXT NULL,
    "started" TEXT NOT NULL,
    "stopped" TEXT NOT NULL,
    "user" TEXT NULL,
    "duration_minutes" INTEGER NOT NULL,
    "cost" REAL NOT NULL,
    "status" INTEGER NOT NULL
);
2026-01-13 12:49:06.083 +01:00 [INF] Executed DbCommand (0ms) [Parameters=[], CommandType='"Text"', CommandTimeout='30']
CREATE TABLE "Users" (
    "id" TEXT NOT NULL CONSTRAINT "PK_Users" PRIMARY KEY,
    "username" TEXT NULL,
    "password" TEXT NULL,
    "name" TEXT NULL,
    "email" TEXT NULL,
    "phone" TEXT NULL,
    "role" INTEGER NOT NULL,
    "created_at" TEXT NOT NULL,
    "birth_year" TEXT NOT NULL,
    "active" INTEGER NOT NULL
);
2026-01-13 12:49:06.085 +01:00 [INF] Executed DbCommand (0ms) [Parameters=[], CommandType='"Text"', CommandTimeout='30']
CREATE TABLE "Vehicles" (
    "id" TEXT NOT NULL CONSTRAINT "PK_Vehicles" PRIMARY KEY,
    "user_id" TEXT NOT NULL,
    "license_plate" TEXT NULL,
    "make" TEXT NULL,
    "model" TEXT NULL,
    "color" TEXT NULL,
    "year" TEXT NOT NULL,
    "created_at" TEXT NOT NULL
);
2026-01-13 12:49:06.088 +01:00 [INF] Executed DbCommand (0ms) [Parameters=[], CommandType='"Text"', CommandTimeout='30']
INSERT INTO "__EFMigrationsHistory" ("MigrationId", "ProductVersion")
VALUES ('20251030115143_InitialCreate', '9.0.9');
2026-01-13 12:49:06.096 +01:00 [INF] Applying migration '20251106105417_FixSessionVehicleFk'.
2026-01-13 12:49:06.116 +01:00 [WRN] The migration operation 'PRAGMA foreign_keys = 0;
' from migration 'FixSessionVehicleFk' cannot be executed in a transaction. If the app is terminated or an unrecoverable error occurs while this operation is being executed then the migration will be left in a partially applied state and would need to be reverted manually before it can be applied again. Create a separate migration that contains just this operation.
2026-01-13 12:49:06.120 +01:00 [INF] Executed DbCommand (1ms) [Parameters=[], CommandType='"Text"', CommandTimeout='30']
ALTER TABLE "Sessions" ADD "vehicle_id" TEXT NOT NULL DEFAULT '00000000-0000-0000-0000-000000000000';
2026-01-13 12:49:06.122 +01:00 [INF] Executed DbCommand (0ms) [Parameters=[], CommandType='"Text"', CommandTimeout='30']
ALTER TABLE "Payments" ADD "id" TEXT NOT NULL DEFAULT '00000000-0000-0000-0000-000000000000';
2026-01-13 12:49:06.126 +01:00 [INF] Executed DbCommand (0ms) [Parameters=[], CommandType='"Text"', CommandTimeout='30']
ALTER TABLE "Payments" ADD "paid_at" TEXT NOT NULL DEFAULT '0001-01-01 00:00:00';
2026-01-13 12:49:06.128 +01:00 [INF] Executed DbCommand (0ms) [Parameters=[], CommandType='"Text"', CommandTimeout='30']
ALTER TABLE "Payments" ADD "reservation_id" TEXT NOT NULL DEFAULT '00000000-0000-0000-0000-000000000000';
2026-01-13 12:49:06.130 +01:00 [INF] Executed DbCommand (0ms) [Parameters=[], CommandType='"Text"', CommandTimeout='30']
CREATE INDEX "IX_Vehicles_user_id" ON "Vehicles" ("user_id");
2026-01-13 12:49:06.132 +01:00 [INF] Executed DbCommand (0ms) [Parameters=[], CommandType='"Text"', CommandTimeout='30']
CREATE INDEX "IX_Sessions_parking_lot_id" ON "Sessions" ("parking_lot_id");
2026-01-13 12:49:06.134 +01:00 [INF] Executed DbCommand (0ms) [Parameters=[], CommandType='"Text"', CommandTimeout='30']
CREATE INDEX "IX_Sessions_vehicle_id" ON "Sessions" ("vehicle_id");
2026-01-13 12:49:06.136 +01:00 [INF] Executed DbCommand (0ms) [Parameters=[], CommandType='"Text"', CommandTimeout='30']
CREATE INDEX "IX_Reservations_parking_lot_id" ON "Reservations" ("parking_lot_id");
2026-01-13 12:49:06.138 +01:00 [INF] Executed DbCommand (0ms) [Parameters=[], CommandType='"Text"', CommandTimeout='30']
CREATE INDEX "IX_Reservations_user_id" ON "Reservations" ("user_id");
2026-01-13 12:49:06.143 +01:00 [INF] Executed DbCommand (0ms) [Parameters=[], CommandType='"Text"', CommandTimeout='30']
CREATE INDEX "IX_Reservations_vehicle_id" ON "Reservations" ("vehicle_id");
2026-01-13 12:49:06.144 +01:00 [INF] Executed DbCommand (0ms) [Parameters=[], CommandType='"Text"', CommandTimeout='30']
CREATE TABLE "ef_temp_Reservations" (
    "id" TEXT NOT NULL CONSTRAINT "PK_Reservations" PRIMARY KEY,
    "cost" REAL NOT NULL,
    "created_at" TEXT NOT NULL,
    "end_time" TEXT NOT NULL,
    "parking_lot_id" TEXT NOT NULL,
    "start_time" TEXT NOT NULL,
    "status" INTEGER NOT NULL,
    "user_id" TEXT NOT NULL,
    "vehicle_id" TEXT NOT NULL,
    CONSTRAINT "FK_Reservations_Parkinglots_parking_lot_id" FOREIGN KEY ("parking_lot_id") REFERENCES "Parkinglots" ("id") ON DELETE CASCADE,
    CONSTRAINT "FK_Reservations_Users_user_id" FOREIGN KEY ("user_id") REFERENCES "Users" ("id") ON DELETE CASCADE,
    CONSTRAINT "FK_Reservations_Vehicles_vehicle_id" FOREIGN KEY ("vehicle_id") REFERENCES "Vehicles" ("id") ON DELETE CASCADE
);
2026-01-13 12:49:06.148 +01:00 [INF] Executed DbCommand (0ms) [Parameters=[], CommandType='"Text"', CommandTimeout='30']
INSERT INTO "ef_temp_Reservations" ("id", "cost", "created_at", "end_time", "parking_lot_id", "start_time", "status", "user_id", "vehicle_id")
SELECT "id", "cost", "created_at", "end_time", "parking_lot_id", "start_time", "status", "user_id", "vehicle_id"
FROM "Reservations";
2026-01-13 12:49:06.150 +01:00 [INF] Executed DbCommand (0ms) [Parameters=[], CommandType='"Text"', CommandTimeout='30']
CREATE TABLE "ef_temp_Sessions" (
    "id" TEXT NOT NULL CONSTRAINT "PK_Sessions" PRIMARY KEY,
    "cost" REAL NOT NULL,
    "duration_minutes" INTEGER NOT NULL,
    "license_plate" TEXT NULL,
    "parking_lot_id" TEXT NOT NULL,
    "started" TEXT NOT NULL,
    "status" INTEGER NOT NULL,
    "stopped" TEXT NOT NULL,
    "user" TEXT NULL,
    "vehicle_id" TEXT NOT NULL,
    CONSTRAINT "FK_Sessions_Parkinglots_parking_lot_id" FOREIGN KEY ("parking_lot_id") REFERENCES "Parkinglots" ("id") ON DELETE CASCADE,
    CONSTRAINT "FK_Sessions_Vehicles_vehicle_id" FOREIGN KEY ("vehicle_id") REFERENCES "Vehicles" ("id") ON DELETE CASCADE
);
2026-01-13 12:49:06.158 +01:00 [INF] Executed DbCommand (0ms) [Parameters=[], CommandType='"Text"', CommandTimeout='30']
INSERT INTO "ef_temp_Sessions" ("id", "cost", "duration_minutes", "license_plate", "parking_lot_id", "started", "status", "stopped", "user", "vehicle_id")
SELECT "id", "cost", "duration_minutes", "license_plate", "parking_lot_id", "started", "status", "stopped", "user", "vehicle_id"
FROM "Sessions";
2026-01-13 12:49:06.161 +01:00 [INF] Executed DbCommand (0ms) [Parameters=[], CommandType='"Text"', CommandTimeout='30']
CREATE TABLE "ef_temp_Vehicles" (
    "id" TEXT NOT NULL CONSTRAINT "PK_Vehicles" PRIMARY KEY,
    "color" TEXT NULL,
    "created_at" TEXT NOT NULL,
    "license_plate" TEXT NULL,
    "make" TEXT NULL,
    "model" TEXT NULL,
    "user_id" TEXT NOT NULL,
    "year" TEXT NOT NULL,
    CONSTRAINT "FK_Vehicles_Users_user_id" FOREIGN KEY ("user_id") REFERENCES "Users" ("id") ON DELETE CASCADE
);
2026-01-13 12:49:06.164 +01:00 [INF] Executed DbCommand (0ms) [Parameters=[], CommandType='"Text"', CommandTimeout='30']
INSERT INTO "ef_temp_Vehicles" ("id", "color", "created_at", "license_plate", "make", "model", "user_id", "year")
SELECT "id", "color", "created_at", "license_plate", "make", "model", "user_id", "year"
FROM "Vehicles";
2026-01-13 12:49:06.170 +01:00 [INF] Executed DbCommand (0ms) [Parameters=[], CommandType='"Text"', CommandTimeout='30']
PRAGMA foreign_keys = 0;
2026-01-13 12:49:06.177 +01:00 [INF] Executed DbCommand (1ms) [Parameters=[], CommandType='"Text"', CommandTimeout='30']
DROP TABLE "Reservations";
2026-01-13 12:49:06.180 +01:00 [INF] Executed DbCommand (1ms) [Parameters=[], CommandType='"Text"', CommandTimeout='30']
ALTER TABLE "ef_temp_Reservations" RENAME TO "Reservations";
2026-01-13 12:49:06.182 +01:00 [INF] Executed DbCommand (0ms) [Parameters=[], CommandType='"Text"', CommandTimeout='30']
DROP TABLE "Sessions";
2026-01-13 12:49:06.184 +01:00 [INF] Executed DbCommand (0ms) [Parameters=[], CommandType='"Text"', CommandTimeout='30']
ALTER TABLE "ef_temp_Sessions" RENAME TO "Sessions";
2026-01-13 12:49:06.188 +01:00 [INF] Executed DbCommand (0ms) [Parameters=[], CommandType='"Text"', CommandTimeout='30']
DROP TABLE "Vehicles";
2026-01-13 12:49:06.191 +01:00 [INF] Executed DbCommand (0ms) [Parameters=[], CommandType='"Text"', CommandTimeout='30']
ALTER TABLE "ef_temp_Vehicles" RENAME TO "Vehicles";
2026-01-13 12:49:06.197 +01:00 [INF] Executed DbCommand (0ms) [Parameters=[], CommandType='"Text"', CommandTimeout='30']
PRAGMA foreign_keys = 1;
2026-01-13 12:49:06.201 +01:00 [INF] Executed DbCommand (1ms) [Parameters=[], CommandType='"Text"', CommandTimeout='30']
CREATE INDEX "IX_Reservations_parking_lot_id" ON "Reservations" ("parking_lot_id");
2026-01-13 12:49:06.205 +01:00 [INF] Executed DbCommand (0ms) [Parameters=[], CommandType='"Text"', CommandTimeout='30']
CREATE INDEX "IX_Reservations_user_id" ON "Reservations" ("user_id");
2026-01-13 12:49:06.207 +01:00 [INF] Executed DbCommand (0ms) [Parameters=[], CommandType='"Text"', CommandTimeout='30']
CREATE INDEX "IX_Reservations_vehicle_id" ON "Reservations" ("vehicle_id");
2026-01-13 12:49:06.210 +01:00 [INF] Executed DbCommand (0ms) [Parameters=[], CommandType='"Text"', CommandTimeout='30']
CREATE INDEX "IX_Sessions_parking_lot_id" ON "Sessions" ("parking_lot_id");
2026-01-13 12:49:06.212 +01:00 [INF] Executed DbCommand (0ms) [Parameters=[], CommandType='"Text"', CommandTimeout='30']
CREATE INDEX "IX_Sessions_vehicle_id" ON "Sessions" ("vehicle_id");
2026-01-13 12:49:06.214 +01:00 [INF] Executed DbCommand (0ms) [Parameters=[], CommandType='"Text"', CommandTimeout='30']
CREATE INDEX "IX_Vehicles_user_id" ON "Vehicles" ("user_id");
2026-01-13 12:49:06.224 +01:00 [INF] Executed DbCommand (5ms) [Parameters=[], CommandType='"Text"', CommandTimeout='30']
INSERT INTO "__EFMigrationsHistory" ("MigrationId", "ProductVersion")
VALUES ('20251106105417_FixSessionVehicleFk', '9.0.9');
2026-01-13 12:49:06.226 +01:00 [INF] Applying migration '20251117111803_UpdateUserRoles'.
2026-01-13 12:49:06.234 +01:00 [INF] Executed DbCommand (1ms) [Parameters=[], CommandType='"Text"', CommandTimeout='30']
ALTER TABLE "Users" ADD "parking_lot_id" TEXT NULL;
2026-01-13 12:49:06.237 +01:00 [INF] Executed DbCommand (0ms) [Parameters=[], CommandType='"Text"', CommandTimeout='30']
INSERT INTO "__EFMigrationsHistory" ("MigrationId", "ProductVersion")
VALUES ('20251117111803_UpdateUserRoles', '9.0.9');
2026-01-13 12:49:06.241 +01:00 [INF] Applying migration '20260108103628_AddRevokedTokensTable'.
2026-01-13 12:49:06.248 +01:00 [INF] Executed DbCommand (0ms) [Parameters=[], CommandType='"Text"', CommandTimeout='30']
CREATE TABLE "RevokedTokens" (
    "TokenId" TEXT NOT NULL CONSTRAINT "PK_RevokedTokens" PRIMARY KEY,
    "UserId" TEXT NOT NULL,
    "RevokedAt" TEXT NOT NULL,
    "ExpiresAt" TEXT NOT NULL
);
2026-01-13 12:49:06.254 +01:00 [INF] Executed DbCommand (0ms) [Parameters=[], CommandType='"Text"', CommandTimeout='30']
INSERT INTO "__EFMigrationsHistory" ("MigrationId", "ProductVersion")
VALUES ('20260108103628_AddRevokedTokensTable', '9.0.9');
2026-01-13 12:49:06.256 +01:00 [INF] Applying migration '20260108104230_AddBillingTable'.
2026-01-13 12:49:06.265 +01:00 [INF] Executed DbCommand (0ms) [Parameters=[], CommandType='"Text"', CommandTimeout='30']
CREATE TABLE "Billing" (
    "id" TEXT NOT NULL CONSTRAINT "PK_Billing" PRIMARY KEY,
    "user_id" TEXT NOT NULL,
    "session_id" TEXT NULL,
    "reservation_id" TEXT NULL,
    "payment_id" TEXT NULL,
    "amount" TEXT NOT NULL,
    "currency" TEXT NOT NULL,
    "description" TEXT NULL,
    "due_date" TEXT NOT NULL,
    "paid" INTEGER NOT NULL,
    "created_at" TEXT NOT NULL,
    "paid_at" TEXT NULL,
    "invoice_number" TEXT NULL,
    "type" INTEGER NOT NULL,
    "status" INTEGER NOT NULL
);
2026-01-13 12:49:06.269 +01:00 [INF] Executed DbCommand (0ms) [Parameters=[], CommandType='"Text"', CommandTimeout='30']
INSERT INTO "__EFMigrationsHistory" ("MigrationId", "ProductVersion")
VALUES ('20260108104230_AddBillingTable', '9.0.9');
2026-01-13 12:49:06.271 +01:00 [INF] Applying migration '20260113114852_FixedDatabase'.
2026-01-13 12:49:06.287 +01:00 [INF] Executed DbCommand (0ms) [Parameters=[], CommandType='"Text"', CommandTimeout='30']
CREATE TABLE "BalanceTransactions" (
    "id" TEXT NOT NULL CONSTRAINT "PK_BalanceTransactions" PRIMARY KEY,
    "user_id" TEXT NOT NULL,
    "balance_id" TEXT NULL,
    "amount" TEXT NOT NULL,
    "currency" TEXT NOT NULL,
    "type" INTEGER NOT NULL,
    "description" TEXT NULL,
    "payment_id" TEXT NULL,
    "session_id" TEXT NULL,
    "created_at" TEXT NOT NULL
);
2026-01-13 12:49:06.292 +01:00 [INF] Executed DbCommand (0ms) [Parameters=[], CommandType='"Text"', CommandTimeout='30']
CREATE TABLE "Companies" (
    "id" TEXT NOT NULL CONSTRAINT "PK_Companies" PRIMARY KEY,
    "name" TEXT NOT NULL,
    "tax_id" TEXT NULL,
    "email" TEXT NULL,
    "phone" TEXT NULL,
    "address" TEXT NULL,
    "primary_contact_user_id" TEXT NULL,
    "active" INTEGER NOT NULL,
    "created_at" TEXT NOT NULL,
    "monthly_billing_enabled" INTEGER NOT NULL
);
2026-01-13 12:49:06.295 +01:00 [INF] Executed DbCommand (0ms) [Parameters=[], CommandType='"Text"', CommandTimeout='30']
CREATE TABLE "CompanyUsers" (
    "id" TEXT NOT NULL CONSTRAINT "PK_CompanyUsers" PRIMARY KEY,
    "company_id" TEXT NOT NULL,
    "user_id" TEXT NOT NULL,
    "role" INTEGER NOT NULL,
    "joined_at" TEXT NOT NULL
);
2026-01-13 12:49:06.301 +01:00 [INF] Executed DbCommand (0ms) [Parameters=[], CommandType='"Text"', CommandTimeout='30']
CREATE TABLE "HotelGuests" (
    "id" TEXT NOT NULL CONSTRAINT "PK_HotelGuests" PRIMARY KEY,
    "hotel_id" TEXT NOT NULL,
    "user_id" TEXT NOT NULL,
    "check_in" TEXT NOT NULL,
    "check_out" TEXT NULL,
    "reservation_number" TEXT NULL,
    "discount_applied" INTEGER NOT NULL,
    "created_at" TEXT NOT NULL
);
2026-01-13 12:49:06.304 +01:00 [INF] Executed DbCommand (0ms) [Parameters=[], CommandType='"Text"', CommandTimeout='30']
CREATE TABLE "Hotels" (
    "id" TEXT NOT NULL CONSTRAINT "PK_Hotels" PRIMARY KEY,
    "name" TEXT NOT NULL,
    "address" TEXT NULL,
    "phone" TEXT NULL,
    "email" TEXT NULL,
    "discount_percentage" TEXT NOT NULL,
    "active" INTEGER NOT NULL,
    "created_at" TEXT NOT NULL
);
2026-01-13 12:49:06.306 +01:00 [INF] Executed DbCommand (0ms) [Parameters=[], CommandType='"Text"', CommandTimeout='30']
CREATE TABLE "UserBalances" (
    "id" TEXT NOT NULL CONSTRAINT "PK_UserBalances" PRIMARY KEY,
    "user_id" TEXT NOT NULL,
    "balance" TEXT NOT NULL,
    "currency" TEXT NOT NULL,
    "last_updated" TEXT NOT NULL,
    "created_at" TEXT NOT NULL
);
2026-01-13 12:49:06.309 +01:00 [INF] Executed DbCommand (0ms) [Parameters=[], CommandType='"Text"', CommandTimeout='30']
INSERT INTO "__EFMigrationsHistory" ("MigrationId", "ProductVersion")
VALUES ('20260113114852_FixedDatabase', '9.0.9');
2026-01-13 12:49:06.320 +01:00 [INF] Executed DbCommand (4ms) [Parameters=[], CommandType='"Text"', CommandTimeout='30']
DELETE FROM "__EFMigrationsLock";
