2026-01-15 09:42:39.096 +01:00 [INF] Acquiring an exclusive lock for migration application. See https://aka.ms/efcore-docs-migrations-lock for more information if this takes too long.
2026-01-15 09:42:39.218 +01:00 [INF] Executed DbCommand (47ms) [Parameters=[], CommandType='"Text"', CommandTimeout='30']
SELECT COUNT(*) FROM "sqlite_master" WHERE "name" = '__EFMigrationsLock' AND "type" = 'table';
2026-01-15 09:42:39.230 +01:00 [INF] Executed DbCommand (2ms) [Parameters=[], CommandType='"Text"', CommandTimeout='30']
INSERT OR IGNORE INTO "__EFMigrationsLock"("Id", "Timestamp") VALUES(1, '2026-01-15 08:42:39.2259821+00:00');
SELECT changes();
2026-01-15 09:42:39.303 +01:00 [INF] Executed DbCommand (2ms) [Parameters=[], CommandType='"Text"', CommandTimeout='30']
CREATE TABLE IF NOT EXISTS "__EFMigrationsHistory" (
    "MigrationId" TEXT NOT NULL CONSTRAINT "PK___EFMigrationsHistory" PRIMARY KEY,
    "ProductVersion" TEXT NOT NULL
);
2026-01-15 09:42:39.318 +01:00 [INF] Executed DbCommand (0ms) [Parameters=[], CommandType='"Text"', CommandTimeout='30']
SELECT COUNT(*) FROM "sqlite_master" WHERE "name" = '__EFMigrationsHistory' AND "type" = 'table';
2026-01-15 09:42:39.324 +01:00 [INF] Executed DbCommand (1ms) [Parameters=[], CommandType='"Text"', CommandTimeout='30']
SELECT "MigrationId", "ProductVersion"
FROM "__EFMigrationsHistory"
ORDER BY "MigrationId";
2026-01-15 09:42:39.341 +01:00 [INF] Applying migration '20260108103628_AddRevokedTokensTable'.
2026-01-15 09:42:39.357 +01:00 [INF] Executed DbCommand (0ms) [Parameters=[], CommandType='"Text"', CommandTimeout='30']
CREATE TABLE "RevokedTokens" (
    "TokenId" TEXT NOT NULL CONSTRAINT "PK_RevokedTokens" PRIMARY KEY,
    "UserId" TEXT NOT NULL,
    "RevokedAt" TEXT NOT NULL,
    "ExpiresAt" TEXT NOT NULL
);
2026-01-15 09:42:39.359 +01:00 [INF] Executed DbCommand (0ms) [Parameters=[], CommandType='"Text"', CommandTimeout='30']
INSERT INTO "__EFMigrationsHistory" ("MigrationId", "ProductVersion")
VALUES ('20260108103628_AddRevokedTokensTable', '9.0.9');
2026-01-15 09:42:39.361 +01:00 [INF] Applying migration '20260108104230_AddBillingTable'.
2026-01-15 09:42:39.374 +01:00 [INF] Executed DbCommand (0ms) [Parameters=[], CommandType='"Text"', CommandTimeout='30']
CREATE TABLE "Billing" (
    "id" TEXT NOT NULL CONSTRAINT "PK_Billing" PRIMARY KEY,
    "user_id" TEXT NOT NULL,
    "session_id" TEXT NULL,
    "reservation_id" TEXT NULL,
    "payment_id" TEXT NULL,
    "amount" TEXT NOT NULL,
    "currency" TEXT NOT NULL,
    "description" TEXT NULL,
    "due_date" TEXT NOT NULL,
    "paid" INTEGER NOT NULL,
    "created_at" TEXT NOT NULL,
    "paid_at" TEXT NULL,
    "invoice_number" TEXT NULL,
    "type" INTEGER NOT NULL,
    "status" INTEGER NOT NULL
);
2026-01-15 09:42:39.376 +01:00 [INF] Executed DbCommand (0ms) [Parameters=[], CommandType='"Text"', CommandTimeout='30']
INSERT INTO "__EFMigrationsHistory" ("MigrationId", "ProductVersion")
VALUES ('20260108104230_AddBillingTable', '9.0.9');
2026-01-15 09:42:39.378 +01:00 [INF] Applying migration '20260113114852_FixedDatabase'.
2026-01-15 09:42:39.398 +01:00 [INF] Executed DbCommand (0ms) [Parameters=[], CommandType='"Text"', CommandTimeout='30']
CREATE TABLE "BalanceTransactions" (
    "id" TEXT NOT NULL CONSTRAINT "PK_BalanceTransactions" PRIMARY KEY,
    "user_id" TEXT NOT NULL,
    "balance_id" TEXT NULL,
    "amount" TEXT NOT NULL,
    "currency" TEXT NOT NULL,
    "type" INTEGER NOT NULL,
    "description" TEXT NULL,
    "payment_id" TEXT NULL,
    "session_id" TEXT NULL,
    "created_at" TEXT NOT NULL
);
2026-01-15 09:42:39.400 +01:00 [INF] Executed DbCommand (0ms) [Parameters=[], CommandType='"Text"', CommandTimeout='30']
CREATE TABLE "Companies" (
    "id" TEXT NOT NULL CONSTRAINT "PK_Companies" PRIMARY KEY,
    "name" TEXT NOT NULL,
    "tax_id" TEXT NULL,
    "email" TEXT NULL,
    "phone" TEXT NULL,
    "address" TEXT NULL,
    "primary_contact_user_id" TEXT NULL,
    "active" INTEGER NOT NULL,
    "created_at" TEXT NOT NULL,
    "monthly_billing_enabled" INTEGER NOT NULL
);
2026-01-15 09:42:39.402 +01:00 [INF] Executed DbCommand (0ms) [Parameters=[], CommandType='"Text"', CommandTimeout='30']
CREATE TABLE "CompanyUsers" (
    "id" TEXT NOT NULL CONSTRAINT "PK_CompanyUsers" PRIMARY KEY,
    "company_id" TEXT NOT NULL,
    "user_id" TEXT NOT NULL,
    "role" INTEGER NOT NULL,
    "joined_at" TEXT NOT NULL
);
2026-01-15 09:42:39.406 +01:00 [INF] Executed DbCommand (1ms) [Parameters=[], CommandType='"Text"', CommandTimeout='30']
CREATE TABLE "HotelGuests" (
    "id" TEXT NOT NULL CONSTRAINT "PK_HotelGuests" PRIMARY KEY,
    "hotel_id" TEXT NOT NULL,
    "user_id" TEXT NOT NULL,
    "check_in" TEXT NOT NULL,
    "check_out" TEXT NULL,
    "reservation_number" TEXT NULL,
    "discount_applied" INTEGER NOT NULL,
    "created_at" TEXT NOT NULL
);
2026-01-15 09:42:39.408 +01:00 [INF] Executed DbCommand (0ms) [Parameters=[], CommandType='"Text"', CommandTimeout='30']
CREATE TABLE "Hotels" (
    "id" TEXT NOT NULL CONSTRAINT "PK_Hotels" PRIMARY KEY,
    "name" TEXT NOT NULL,
    "address" TEXT NULL,
    "phone" TEXT NULL,
    "email" TEXT NULL,
    "discount_percentage" TEXT NOT NULL,
    "active" INTEGER NOT NULL,
    "created_at" TEXT NOT NULL
);
2026-01-15 09:42:39.410 +01:00 [INF] Executed DbCommand (0ms) [Parameters=[], CommandType='"Text"', CommandTimeout='30']
CREATE TABLE "UserBalances" (
    "id" TEXT NOT NULL CONSTRAINT "PK_UserBalances" PRIMARY KEY,
    "user_id" TEXT NOT NULL,
    "balance" TEXT NOT NULL,
    "currency" TEXT NOT NULL,
    "last_updated" TEXT NOT NULL,
    "created_at" TEXT NOT NULL
);
2026-01-15 09:42:39.414 +01:00 [INF] Executed DbCommand (0ms) [Parameters=[], CommandType='"Text"', CommandTimeout='30']
INSERT INTO "__EFMigrationsHistory" ("MigrationId", "ProductVersion")
VALUES ('20260113114852_FixedDatabase', '9.0.9');
2026-01-15 09:42:39.415 +01:00 [INF] Applying migration '20260114200220_DatabaseFix'.
2026-01-15 09:42:39.427 +01:00 [INF] Executed DbCommand (0ms) [Parameters=[], CommandType='"Text"', CommandTimeout='30']
INSERT INTO "__EFMigrationsHistory" ("MigrationId", "ProductVersion")
VALUES ('20260114200220_DatabaseFix', '9.0.9');
2026-01-15 09:42:39.435 +01:00 [INF] Executed DbCommand (1ms) [Parameters=[], CommandType='"Text"', CommandTimeout='30']
DELETE FROM "__EFMigrationsLock";
2026-01-15 09:42:39.641 +01:00 [INF] Executed DbCommand (0ms) [Parameters=[], CommandType='"Text"', CommandTimeout='30']
SELECT EXISTS (
    SELECT 1
    FROM "Users" AS "u")
2026-01-15 09:42:39.660 +01:00 [INF] User profile is available. Using 'C:\Users\zdenn\AppData\Local\ASP.NET\DataProtection-Keys' as key repository and Windows DPAPI to encrypt keys at rest.
2026-01-15 09:42:39.888 +01:00 [INF] Now listening on: http://localhost:5001
2026-01-15 09:42:39.893 +01:00 [INF] Application started. Press Ctrl+C to shut down.
2026-01-15 09:42:39.894 +01:00 [INF] Hosting environment: Production
2026-01-15 09:42:39.895 +01:00 [INF] Content root path: C:\Users\zdenn\Desktop\Software_Construction\CSharp Parking API
2026-01-15 09:42:44.360 +01:00 [INF] Request starting HTTP/1.1 GET http://localhost:5001/swagger/ - null null
2026-01-15 09:42:44.437 +01:00 [INF] Request finished HTTP/1.1 GET http://localhost:5001/swagger/ - 301 0 null 74.1603ms
2026-01-15 09:42:44.454 +01:00 [INF] Request starting HTTP/1.1 GET http://localhost:5001/swagger/index.html - null null
2026-01-15 09:42:44.619 +01:00 [INF] Request finished HTTP/1.1 GET http://localhost:5001/swagger/index.html - 200 null text/html;charset=utf-8 164.9095ms
2026-01-15 09:42:44.874 +01:00 [INF] Request starting HTTP/1.1 GET http://localhost:5001/swagger/swagger-ui-bundle.js - null null
2026-01-15 09:42:44.874 +01:00 [INF] Request starting HTTP/1.1 GET http://localhost:5001/swagger/index.css - null null
2026-01-15 09:42:44.874 +01:00 [INF] Request starting HTTP/1.1 GET http://localhost:5001/swagger/swagger-ui-standalone-preset.js - null null
2026-01-15 09:42:44.883 +01:00 [INF] Request starting HTTP/1.1 GET http://localhost:5001/swagger/index.js - null null
2026-01-15 09:42:44.886 +01:00 [INF] Request starting HTTP/1.1 GET http://localhost:5001/swagger/swagger-ui.css - null null
2026-01-15 09:42:44.902 +01:00 [INF] Request finished HTTP/1.1 GET http://localhost:5001/swagger/index.css - 200 152 text/css 28.0448ms
2026-01-15 09:42:44.932 +01:00 [INF] Request finished HTTP/1.1 GET http://localhost:5001/swagger/swagger-ui-bundle.js - 200 424767 text/javascript 58.4849ms
2026-01-15 09:42:44.932 +01:00 [INF] Request finished HTTP/1.1 GET http://localhost:5001/swagger/swagger-ui-standalone-preset.js - 200 77352 text/javascript 58.1041ms
2026-01-15 09:42:45.025 +01:00 [INF] Request finished HTTP/1.1 GET http://localhost:5001/swagger/index.js - 200 null application/javascript;charset=utf-8 143.203ms
2026-01-15 09:42:45.038 +01:00 [INF] Request finished HTTP/1.1 GET http://localhost:5001/swagger/swagger-ui.css - 200 23647 text/css 151.8268ms
2026-01-15 09:42:50.371 +01:00 [INF] Request starting HTTP/1.1 GET http://localhost:5001/swagger/v2/swagger.json - null null
2026-01-15 09:42:50.437 +01:00 [INF] Request starting HTTP/1.1 GET http://localhost:5001/swagger/favicon-16x16.png - null null
2026-01-15 09:42:50.446 +01:00 [INF] Request finished HTTP/1.1 GET http://localhost:5001/swagger/favicon-16x16.png - 200 665 image/png 7.9628ms
2026-01-15 09:42:50.804 +01:00 [INF] Request finished HTTP/1.1 GET http://localhost:5001/swagger/v2/swagger.json - 200 null application/json;charset=utf-8 433.0711ms
2026-01-15 09:43:06.628 +01:00 [INF] Application is shutting down...
2026-01-15 09:44:50.066 +01:00 [INF] Executed DbCommand (13ms) [Parameters=[], CommandType='"Text"', CommandTimeout='30']
PRAGMA journal_mode = 'wal';
2026-01-15 09:44:50.114 +01:00 [INF] Acquiring an exclusive lock for migration application. See https://aka.ms/efcore-docs-migrations-lock for more information if this takes too long.
2026-01-15 09:44:50.123 +01:00 [INF] Executed DbCommand (4ms) [Parameters=[], CommandType='"Text"', CommandTimeout='30']
SELECT COUNT(*) FROM "sqlite_master" WHERE "name" = '__EFMigrationsLock' AND "type" = 'table';
2026-01-15 09:44:50.131 +01:00 [INF] Executed DbCommand (3ms) [Parameters=[], CommandType='"Text"', CommandTimeout='30']
CREATE TABLE IF NOT EXISTS "__EFMigrationsLock" (
    "Id" INTEGER NOT NULL CONSTRAINT "PK___EFMigrationsLock" PRIMARY KEY,
    "Timestamp" TEXT NOT NULL
);
2026-01-15 09:44:50.135 +01:00 [INF] Executed DbCommand (1ms) [Parameters=[], CommandType='"Text"', CommandTimeout='30']
INSERT OR IGNORE INTO "__EFMigrationsLock"("Id", "Timestamp") VALUES(1, '2026-01-15 08:44:50.1342991+00:00');
SELECT changes();
2026-01-15 09:44:50.193 +01:00 [INF] Executed DbCommand (0ms) [Parameters=[], CommandType='"Text"', CommandTimeout='30']
CREATE TABLE IF NOT EXISTS "__EFMigrationsHistory" (
    "MigrationId" TEXT NOT NULL CONSTRAINT "PK___EFMigrationsHistory" PRIMARY KEY,
    "ProductVersion" TEXT NOT NULL
);
2026-01-15 09:44:50.203 +01:00 [INF] Executed DbCommand (0ms) [Parameters=[], CommandType='"Text"', CommandTimeout='30']
SELECT COUNT(*) FROM "sqlite_master" WHERE "name" = '__EFMigrationsHistory' AND "type" = 'table';
2026-01-15 09:44:50.209 +01:00 [INF] Executed DbCommand (0ms) [Parameters=[], CommandType='"Text"', CommandTimeout='30']
SELECT "MigrationId", "ProductVersion"
FROM "__EFMigrationsHistory"
ORDER BY "MigrationId";
2026-01-15 09:44:50.220 +01:00 [INF] Applying migration '20251030115143_InitialCreate'.
2026-01-15 09:44:50.236 +01:00 [INF] Executed DbCommand (0ms) [Parameters=[], CommandType='"Text"', CommandTimeout='30']
CREATE TABLE "Parkinglots" (
    "id" TEXT NOT NULL CONSTRAINT "PK_Parkinglots" PRIMARY KEY,
    "name" TEXT NULL,
    "location" TEXT NULL,
    "address" TEXT NULL,
    "capacity" INTEGER NOT NULL,
    "reserved" INTEGER NOT NULL,
    "daytarriff" REAL NOT NULL,
    "created_at" TEXT NOT NULL,
    "coordinates_lat" REAL NULL,
    "coordinates_lng" REAL NULL
);
2026-01-15 09:44:50.239 +01:00 [INF] Executed DbCommand (0ms) [Parameters=[], CommandType='"Text"', CommandTimeout='30']
CREATE TABLE "Payments" (
    "hash" TEXT NOT NULL CONSTRAINT "PK_Payments" PRIMARY KEY,
    "transactions" TEXT NULL,
    "amount" REAL NOT NULL,
    "initiator" TEXT NULL,
    "created_at" TEXT NOT NULL,
    "completed" TEXT NOT NULL,
    "t_data_amount" REAL NULL,
    "t_data_date" TEXT NULL,
    "t_data_method" TEXT NULL,
    "t_data_issuer" TEXT NULL,
    "t_data_bank" TEXT NULL,
    "session_id" TEXT NOT NULL,
    "parking_lot_id" TEXT NOT NULL
);
2026-01-15 09:44:50.243 +01:00 [INF] Executed DbCommand (0ms) [Parameters=[], CommandType='"Text"', CommandTimeout='30']
CREATE TABLE "Reservations" (
    "id" TEXT NOT NULL CONSTRAINT "PK_Reservations" PRIMARY KEY,
    "user_id" TEXT NOT NULL,
    "parking_lot_id" TEXT NOT NULL,
    "vehicle_id" TEXT NOT NULL,
    "start_time" TEXT NOT NULL,
    "end_time" TEXT NOT NULL,
    "status" INTEGER NOT NULL,
    "created_at" TEXT NOT NULL,
    "cost" REAL NOT NULL
);
2026-01-15 09:44:50.245 +01:00 [INF] Executed DbCommand (0ms) [Parameters=[], CommandType='"Text"', CommandTimeout='30']
CREATE TABLE "Sessions" (
    "id" TEXT NOT NULL CONSTRAINT "PK_Sessions" PRIMARY KEY,
    "parking_lot_id" TEXT NOT NULL,
    "license_plate" TEXT NULL,
    "started" TEXT NOT NULL,
    "stopped" TEXT NOT NULL,
    "user" TEXT NULL,
    "duration_minutes" INTEGER NOT NULL,
    "cost" REAL NOT NULL,
    "status" INTEGER NOT NULL
);
2026-01-15 09:44:50.247 +01:00 [INF] Executed DbCommand (0ms) [Parameters=[], CommandType='"Text"', CommandTimeout='30']
CREATE TABLE "Users" (
    "id" TEXT NOT NULL CONSTRAINT "PK_Users" PRIMARY KEY,
    "username" TEXT NULL,
    "password" TEXT NULL,
    "name" TEXT NULL,
    "email" TEXT NULL,
    "phone" TEXT NULL,
    "role" INTEGER NOT NULL,
    "created_at" TEXT NOT NULL,
    "birth_year" TEXT NOT NULL,
    "active" INTEGER NOT NULL
);
2026-01-15 09:44:50.248 +01:00 [INF] Executed DbCommand (0ms) [Parameters=[], CommandType='"Text"', CommandTimeout='30']
CREATE TABLE "Vehicles" (
    "id" TEXT NOT NULL CONSTRAINT "PK_Vehicles" PRIMARY KEY,
    "user_id" TEXT NOT NULL,
    "license_plate" TEXT NULL,
    "make" TEXT NULL,
    "model" TEXT NULL,
    "color" TEXT NULL,
    "year" TEXT NOT NULL,
    "created_at" TEXT NOT NULL
);
2026-01-15 09:44:50.250 +01:00 [INF] Executed DbCommand (0ms) [Parameters=[], CommandType='"Text"', CommandTimeout='30']
INSERT INTO "__EFMigrationsHistory" ("MigrationId", "ProductVersion")
VALUES ('20251030115143_InitialCreate', '9.0.9');
2026-01-15 09:44:50.299 +01:00 [INF] Applying migration '20251106105417_FixSessionVehicleFk'.
2026-01-15 09:44:50.330 +01:00 [WRN] The migration operation 'PRAGMA foreign_keys = 0;
' from migration 'FixSessionVehicleFk' cannot be executed in a transaction. If the app is terminated or an unrecoverable error occurs while this operation is being executed then the migration will be left in a partially applied state and would need to be reverted manually before it can be applied again. Create a separate migration that contains just this operation.
2026-01-15 09:44:50.332 +01:00 [INF] Executed DbCommand (0ms) [Parameters=[], CommandType='"Text"', CommandTimeout='30']
ALTER TABLE "Sessions" ADD "vehicle_id" TEXT NOT NULL DEFAULT '00000000-0000-0000-0000-000000000000';
2026-01-15 09:44:50.334 +01:00 [INF] Executed DbCommand (0ms) [Parameters=[], CommandType='"Text"', CommandTimeout='30']
ALTER TABLE "Payments" ADD "id" TEXT NOT NULL DEFAULT '00000000-0000-0000-0000-000000000000';
2026-01-15 09:44:50.337 +01:00 [INF] Executed DbCommand (0ms) [Parameters=[], CommandType='"Text"', CommandTimeout='30']
ALTER TABLE "Payments" ADD "paid_at" TEXT NOT NULL DEFAULT '0001-01-01 00:00:00';
2026-01-15 09:44:50.340 +01:00 [INF] Executed DbCommand (1ms) [Parameters=[], CommandType='"Text"', CommandTimeout='30']
ALTER TABLE "Payments" ADD "reservation_id" TEXT NOT NULL DEFAULT '00000000-0000-0000-0000-000000000000';
2026-01-15 09:44:50.342 +01:00 [INF] Executed DbCommand (0ms) [Parameters=[], CommandType='"Text"', CommandTimeout='30']
CREATE INDEX "IX_Vehicles_user_id" ON "Vehicles" ("user_id");
2026-01-15 09:44:50.344 +01:00 [INF] Executed DbCommand (0ms) [Parameters=[], CommandType='"Text"', CommandTimeout='30']
CREATE INDEX "IX_Sessions_parking_lot_id" ON "Sessions" ("parking_lot_id");
2026-01-15 09:44:50.345 +01:00 [INF] Executed DbCommand (0ms) [Parameters=[], CommandType='"Text"', CommandTimeout='30']
CREATE INDEX "IX_Sessions_vehicle_id" ON "Sessions" ("vehicle_id");
2026-01-15 09:44:50.347 +01:00 [INF] Executed DbCommand (0ms) [Parameters=[], CommandType='"Text"', CommandTimeout='30']
CREATE INDEX "IX_Reservations_parking_lot_id" ON "Reservations" ("parking_lot_id");
2026-01-15 09:44:50.348 +01:00 [INF] Executed DbCommand (0ms) [Parameters=[], CommandType='"Text"', CommandTimeout='30']
CREATE INDEX "IX_Reservations_user_id" ON "Reservations" ("user_id");
2026-01-15 09:44:50.350 +01:00 [INF] Executed DbCommand (0ms) [Parameters=[], CommandType='"Text"', CommandTimeout='30']
CREATE INDEX "IX_Reservations_vehicle_id" ON "Reservations" ("vehicle_id");
2026-01-15 09:44:50.352 +01:00 [INF] Executed DbCommand (0ms) [Parameters=[], CommandType='"Text"', CommandTimeout='30']
CREATE TABLE "ef_temp_Reservations" (
    "id" TEXT NOT NULL CONSTRAINT "PK_Reservations" PRIMARY KEY,
    "cost" REAL NOT NULL,
    "created_at" TEXT NOT NULL,
    "end_time" TEXT NOT NULL,
    "parking_lot_id" TEXT NOT NULL,
    "start_time" TEXT NOT NULL,
    "status" INTEGER NOT NULL,
    "user_id" TEXT NOT NULL,
    "vehicle_id" TEXT NOT NULL,
    CONSTRAINT "FK_Reservations_Parkinglots_parking_lot_id" FOREIGN KEY ("parking_lot_id") REFERENCES "Parkinglots" ("id") ON DELETE CASCADE,
    CONSTRAINT "FK_Reservations_Users_user_id" FOREIGN KEY ("user_id") REFERENCES "Users" ("id") ON DELETE CASCADE,
    CONSTRAINT "FK_Reservations_Vehicles_vehicle_id" FOREIGN KEY ("vehicle_id") REFERENCES "Vehicles" ("id") ON DELETE CASCADE
);
2026-01-15 09:44:50.353 +01:00 [INF] Executed DbCommand (0ms) [Parameters=[], CommandType='"Text"', CommandTimeout='30']
INSERT INTO "ef_temp_Reservations" ("id", "cost", "created_at", "end_time", "parking_lot_id", "start_time", "status", "user_id", "vehicle_id")
SELECT "id", "cost", "created_at", "end_time", "parking_lot_id", "start_time", "status", "user_id", "vehicle_id"
FROM "Reservations";
2026-01-15 09:44:50.355 +01:00 [INF] Executed DbCommand (0ms) [Parameters=[], CommandType='"Text"', CommandTimeout='30']
CREATE TABLE "ef_temp_Sessions" (
    "id" TEXT NOT NULL CONSTRAINT "PK_Sessions" PRIMARY KEY,
    "cost" REAL NOT NULL,
    "duration_minutes" INTEGER NOT NULL,
    "license_plate" TEXT NULL,
    "parking_lot_id" TEXT NOT NULL,
    "started" TEXT NOT NULL,
    "status" INTEGER NOT NULL,
    "stopped" TEXT NOT NULL,
    "user" TEXT NULL,
    "vehicle_id" TEXT NOT NULL,
    CONSTRAINT "FK_Sessions_Parkinglots_parking_lot_id" FOREIGN KEY ("parking_lot_id") REFERENCES "Parkinglots" ("id") ON DELETE CASCADE,
    CONSTRAINT "FK_Sessions_Vehicles_vehicle_id" FOREIGN KEY ("vehicle_id") REFERENCES "Vehicles" ("id") ON DELETE CASCADE
);
2026-01-15 09:44:50.358 +01:00 [INF] Executed DbCommand (0ms) [Parameters=[], CommandType='"Text"', CommandTimeout='30']
INSERT INTO "ef_temp_Sessions" ("id", "cost", "duration_minutes", "license_plate", "parking_lot_id", "started", "status", "stopped", "user", "vehicle_id")
SELECT "id", "cost", "duration_minutes", "license_plate", "parking_lot_id", "started", "status", "stopped", "user", "vehicle_id"
FROM "Sessions";
2026-01-15 09:44:50.360 +01:00 [INF] Executed DbCommand (0ms) [Parameters=[], CommandType='"Text"', CommandTimeout='30']
CREATE TABLE "ef_temp_Vehicles" (
    "id" TEXT NOT NULL CONSTRAINT "PK_Vehicles" PRIMARY KEY,
    "color" TEXT NULL,
    "created_at" TEXT NOT NULL,
    "license_plate" TEXT NULL,
    "make" TEXT NULL,
    "model" TEXT NULL,
    "user_id" TEXT NOT NULL,
    "year" TEXT NOT NULL,
    CONSTRAINT "FK_Vehicles_Users_user_id" FOREIGN KEY ("user_id") REFERENCES "Users" ("id") ON DELETE CASCADE
);
2026-01-15 09:44:50.361 +01:00 [INF] Executed DbCommand (0ms) [Parameters=[], CommandType='"Text"', CommandTimeout='30']
INSERT INTO "ef_temp_Vehicles" ("id", "color", "created_at", "license_plate", "make", "model", "user_id", "year")
SELECT "id", "color", "created_at", "license_plate", "make", "model", "user_id", "year"
FROM "Vehicles";
2026-01-15 09:44:50.365 +01:00 [INF] Executed DbCommand (0ms) [Parameters=[], CommandType='"Text"', CommandTimeout='30']
PRAGMA foreign_keys = 0;
2026-01-15 09:44:50.367 +01:00 [INF] Executed DbCommand (0ms) [Parameters=[], CommandType='"Text"', CommandTimeout='30']
DROP TABLE "Reservations";
2026-01-15 09:44:50.369 +01:00 [INF] Executed DbCommand (1ms) [Parameters=[], CommandType='"Text"', CommandTimeout='30']
ALTER TABLE "ef_temp_Reservations" RENAME TO "Reservations";
2026-01-15 09:44:50.370 +01:00 [INF] Executed DbCommand (0ms) [Parameters=[], CommandType='"Text"', CommandTimeout='30']
DROP TABLE "Sessions";
2026-01-15 09:44:50.374 +01:00 [INF] Executed DbCommand (1ms) [Parameters=[], CommandType='"Text"', CommandTimeout='30']
ALTER TABLE "ef_temp_Sessions" RENAME TO "Sessions";
2026-01-15 09:44:50.376 +01:00 [INF] Executed DbCommand (0ms) [Parameters=[], CommandType='"Text"', CommandTimeout='30']
DROP TABLE "Vehicles";
2026-01-15 09:44:50.378 +01:00 [INF] Executed DbCommand (1ms) [Parameters=[], CommandType='"Text"', CommandTimeout='30']
ALTER TABLE "ef_temp_Vehicles" RENAME TO "Vehicles";
2026-01-15 09:44:50.380 +01:00 [INF] Executed DbCommand (0ms) [Parameters=[], CommandType='"Text"', CommandTimeout='30']
PRAGMA foreign_keys = 1;
2026-01-15 09:44:50.382 +01:00 [INF] Executed DbCommand (0ms) [Parameters=[], CommandType='"Text"', CommandTimeout='30']
CREATE INDEX "IX_Reservations_parking_lot_id" ON "Reservations" ("parking_lot_id");
2026-01-15 09:44:50.383 +01:00 [INF] Executed DbCommand (0ms) [Parameters=[], CommandType='"Text"', CommandTimeout='30']
CREATE INDEX "IX_Reservations_user_id" ON "Reservations" ("user_id");
2026-01-15 09:44:50.384 +01:00 [INF] Executed DbCommand (0ms) [Parameters=[], CommandType='"Text"', CommandTimeout='30']
CREATE INDEX "IX_Reservations_vehicle_id" ON "Reservations" ("vehicle_id");
2026-01-15 09:44:50.385 +01:00 [INF] Executed DbCommand (0ms) [Parameters=[], CommandType='"Text"', CommandTimeout='30']
CREATE INDEX "IX_Sessions_parking_lot_id" ON "Sessions" ("parking_lot_id");
2026-01-15 09:44:50.387 +01:00 [INF] Executed DbCommand (0ms) [Parameters=[], CommandType='"Text"', CommandTimeout='30']
CREATE INDEX "IX_Sessions_vehicle_id" ON "Sessions" ("vehicle_id");
2026-01-15 09:44:50.390 +01:00 [INF] Executed DbCommand (0ms) [Parameters=[], CommandType='"Text"', CommandTimeout='30']
CREATE INDEX "IX_Vehicles_user_id" ON "Vehicles" ("user_id");
2026-01-15 09:44:50.393 +01:00 [INF] Executed DbCommand (1ms) [Parameters=[], CommandType='"Text"', CommandTimeout='30']
INSERT INTO "__EFMigrationsHistory" ("MigrationId", "ProductVersion")
VALUES ('20251106105417_FixSessionVehicleFk', '9.0.9');
2026-01-15 09:44:50.394 +01:00 [INF] Applying migration '20251117111803_UpdateUserRoles'.
2026-01-15 09:44:50.400 +01:00 [INF] Executed DbCommand (0ms) [Parameters=[], CommandType='"Text"', CommandTimeout='30']
ALTER TABLE "Users" ADD "parking_lot_id" TEXT NULL;
2026-01-15 09:44:50.402 +01:00 [INF] Executed DbCommand (0ms) [Parameters=[], CommandType='"Text"', CommandTimeout='30']
INSERT INTO "__EFMigrationsHistory" ("MigrationId", "ProductVersion")
VALUES ('20251117111803_UpdateUserRoles', '9.0.9');
2026-01-15 09:44:50.403 +01:00 [INF] Applying migration '20260108103628_AddRevokedTokensTable'.
2026-01-15 09:44:50.411 +01:00 [INF] Executed DbCommand (0ms) [Parameters=[], CommandType='"Text"', CommandTimeout='30']
CREATE TABLE "RevokedTokens" (
    "TokenId" TEXT NOT NULL CONSTRAINT "PK_RevokedTokens" PRIMARY KEY,
    "UserId" TEXT NOT NULL,
    "RevokedAt" TEXT NOT NULL,
    "ExpiresAt" TEXT NOT NULL
);
2026-01-15 09:44:50.413 +01:00 [INF] Executed DbCommand (0ms) [Parameters=[], CommandType='"Text"', CommandTimeout='30']
INSERT INTO "__EFMigrationsHistory" ("MigrationId", "ProductVersion")
VALUES ('20260108103628_AddRevokedTokensTable', '9.0.9');
2026-01-15 09:44:50.414 +01:00 [INF] Applying migration '20260108104230_AddBillingTable'.
2026-01-15 09:44:50.424 +01:00 [INF] Executed DbCommand (0ms) [Parameters=[], CommandType='"Text"', CommandTimeout='30']
CREATE TABLE "Billing" (
    "id" TEXT NOT NULL CONSTRAINT "PK_Billing" PRIMARY KEY,
    "user_id" TEXT NOT NULL,
    "session_id" TEXT NULL,
    "reservation_id" TEXT NULL,
    "payment_id" TEXT NULL,
    "amount" TEXT NOT NULL,
    "currency" TEXT NOT NULL,
    "description" TEXT NULL,
    "due_date" TEXT NOT NULL,
    "paid" INTEGER NOT NULL,
    "created_at" TEXT NOT NULL,
    "paid_at" TEXT NULL,
    "invoice_number" TEXT NULL,
    "type" INTEGER NOT NULL,
    "status" INTEGER NOT NULL
);
2026-01-15 09:44:50.426 +01:00 [INF] Executed DbCommand (0ms) [Parameters=[], CommandType='"Text"', CommandTimeout='30']
INSERT INTO "__EFMigrationsHistory" ("MigrationId", "ProductVersion")
VALUES ('20260108104230_AddBillingTable', '9.0.9');
2026-01-15 09:44:50.427 +01:00 [INF] Applying migration '20260113114852_FixedDatabase'.
2026-01-15 09:44:50.443 +01:00 [INF] Executed DbCommand (0ms) [Parameters=[], CommandType='"Text"', CommandTimeout='30']
CREATE TABLE "BalanceTransactions" (
    "id" TEXT NOT NULL CONSTRAINT "PK_BalanceTransactions" PRIMARY KEY,
    "user_id" TEXT NOT NULL,
    "balance_id" TEXT NULL,
    "amount" TEXT NOT NULL,
    "currency" TEXT NOT NULL,
    "type" INTEGER NOT NULL,
    "description" TEXT NULL,
    "payment_id" TEXT NULL,
    "session_id" TEXT NULL,
    "created_at" TEXT NOT NULL
);
2026-01-15 09:44:50.446 +01:00 [INF] Executed DbCommand (1ms) [Parameters=[], CommandType='"Text"', CommandTimeout='30']
CREATE TABLE "Companies" (
    "id" TEXT NOT NULL CONSTRAINT "PK_Companies" PRIMARY KEY,
    "name" TEXT NOT NULL,
    "tax_id" TEXT NULL,
    "email" TEXT NULL,
    "phone" TEXT NULL,
    "address" TEXT NULL,
    "primary_contact_user_id" TEXT NULL,
    "active" INTEGER NOT NULL,
    "created_at" TEXT NOT NULL,
    "monthly_billing_enabled" INTEGER NOT NULL
);
2026-01-15 09:44:50.448 +01:00 [INF] Executed DbCommand (0ms) [Parameters=[], CommandType='"Text"', CommandTimeout='30']
CREATE TABLE "CompanyUsers" (
    "id" TEXT NOT NULL CONSTRAINT "PK_CompanyUsers" PRIMARY KEY,
    "company_id" TEXT NOT NULL,
    "user_id" TEXT NOT NULL,
    "role" INTEGER NOT NULL,
    "joined_at" TEXT NOT NULL
);
2026-01-15 09:44:50.449 +01:00 [INF] Executed DbCommand (0ms) [Parameters=[], CommandType='"Text"', CommandTimeout='30']
CREATE TABLE "HotelGuests" (
    "id" TEXT NOT NULL CONSTRAINT "PK_HotelGuests" PRIMARY KEY,
    "hotel_id" TEXT NOT NULL,
    "user_id" TEXT NOT NULL,
    "check_in" TEXT NOT NULL,
    "check_out" TEXT NULL,
    "reservation_number" TEXT NULL,
    "discount_applied" INTEGER NOT NULL,
    "created_at" TEXT NOT NULL
);
2026-01-15 09:44:50.451 +01:00 [INF] Executed DbCommand (0ms) [Parameters=[], CommandType='"Text"', CommandTimeout='30']
CREATE TABLE "Hotels" (
    "id" TEXT NOT NULL CONSTRAINT "PK_Hotels" PRIMARY KEY,
    "name" TEXT NOT NULL,
    "address" TEXT NULL,
    "phone" TEXT NULL,
    "email" TEXT NULL,
    "discount_percentage" TEXT NOT NULL,
    "active" INTEGER NOT NULL,
    "created_at" TEXT NOT NULL
);
2026-01-15 09:44:50.453 +01:00 [INF] Executed DbCommand (0ms) [Parameters=[], CommandType='"Text"', CommandTimeout='30']
CREATE TABLE "UserBalances" (
    "id" TEXT NOT NULL CONSTRAINT "PK_UserBalances" PRIMARY KEY,
    "user_id" TEXT NOT NULL,
    "balance" TEXT NOT NULL,
    "currency" TEXT NOT NULL,
    "last_updated" TEXT NOT NULL,
    "created_at" TEXT NOT NULL
);
2026-01-15 09:44:50.456 +01:00 [INF] Executed DbCommand (0ms) [Parameters=[], CommandType='"Text"', CommandTimeout='30']
INSERT INTO "__EFMigrationsHistory" ("MigrationId", "ProductVersion")
VALUES ('20260113114852_FixedDatabase', '9.0.9');
2026-01-15 09:44:50.458 +01:00 [INF] Applying migration '20260114200220_DatabaseFix'.
2026-01-15 09:44:50.465 +01:00 [INF] Executed DbCommand (0ms) [Parameters=[], CommandType='"Text"', CommandTimeout='30']
INSERT INTO "__EFMigrationsHistory" ("MigrationId", "ProductVersion")
VALUES ('20260114200220_DatabaseFix', '9.0.9');
2026-01-15 09:44:50.467 +01:00 [INF] Applying migration '20260115084427_DatabaseTest'.
2026-01-15 09:44:50.479 +01:00 [INF] Executed DbCommand (0ms) [Parameters=[], CommandType='"Text"', CommandTimeout='30']
INSERT INTO "__EFMigrationsHistory" ("MigrationId", "ProductVersion")
VALUES ('20260115084427_DatabaseTest', '9.0.9');
2026-01-15 09:44:50.482 +01:00 [INF] Executed DbCommand (1ms) [Parameters=[], CommandType='"Text"', CommandTimeout='30']
DELETE FROM "__EFMigrationsLock";
2026-01-15 09:44:59.983 +01:00 [INF] Acquiring an exclusive lock for migration application. See https://aka.ms/efcore-docs-migrations-lock for more information if this takes too long.
2026-01-15 09:45:00.045 +01:00 [INF] Executed DbCommand (12ms) [Parameters=[], CommandType='"Text"', CommandTimeout='30']
SELECT COUNT(*) FROM "sqlite_master" WHERE "name" = '__EFMigrationsLock' AND "type" = 'table';
2026-01-15 09:45:00.059 +01:00 [INF] Executed DbCommand (3ms) [Parameters=[], CommandType='"Text"', CommandTimeout='30']
INSERT OR IGNORE INTO "__EFMigrationsLock"("Id", "Timestamp") VALUES(1, '2026-01-15 08:45:00.0562501+00:00');
SELECT changes();
2026-01-15 09:45:00.110 +01:00 [INF] Executed DbCommand (1ms) [Parameters=[], CommandType='"Text"', CommandTimeout='30']
CREATE TABLE IF NOT EXISTS "__EFMigrationsHistory" (
    "MigrationId" TEXT NOT NULL CONSTRAINT "PK___EFMigrationsHistory" PRIMARY KEY,
    "ProductVersion" TEXT NOT NULL
);
2026-01-15 09:45:00.122 +01:00 [INF] Executed DbCommand (0ms) [Parameters=[], CommandType='"Text"', CommandTimeout='30']
SELECT COUNT(*) FROM "sqlite_master" WHERE "name" = '__EFMigrationsHistory' AND "type" = 'table';
2026-01-15 09:45:00.127 +01:00 [INF] Executed DbCommand (1ms) [Parameters=[], CommandType='"Text"', CommandTimeout='30']
SELECT "MigrationId", "ProductVersion"
FROM "__EFMigrationsHistory"
ORDER BY "MigrationId";
2026-01-15 09:45:00.138 +01:00 [INF] No migrations were applied. The database is already up to date.
2026-01-15 09:45:00.140 +01:00 [INF] Executed DbCommand (1ms) [Parameters=[], CommandType='"Text"', CommandTimeout='30']
DELETE FROM "__EFMigrationsLock";
2026-01-15 09:45:00.297 +01:00 [INF] Executed DbCommand (0ms) [Parameters=[], CommandType='"Text"', CommandTimeout='30']
SELECT EXISTS (
    SELECT 1
    FROM "Users" AS "u")
2026-01-15 09:45:01.444 +01:00 [INF] Executed DbCommand (2ms) [Parameters=[@p0='?' (DbType = Guid), @p1='?' (DbType = Boolean), @p2='?' (DbType = DateTime), @p3='?' (DbType = DateTime), @p4='?' (Size = 20), @p5='?' (Size = 17), @p6='?' (DbType = Guid), @p7='?' (Size = 60), @p8='?', @p9='?' (DbType = Int32), @p10='?' (Size = 8)], CommandType='"Text"', CommandTimeout='30']
INSERT INTO "Users" ("id", "active", "birth_year", "created_at", "email", "name", "parking_lot_id", "password", "phone", "role", "username")
VALUES (@p0, @p1, @p2, @p3, @p4, @p5, @p6, @p7, @p8, @p9, @p10);
2026-01-15 09:45:01.448 +01:00 [INF] Executed DbCommand (0ms) [Parameters=[@p0='?' (DbType = Guid), @p1='?' (DbType = Boolean), @p2='?' (DbType = DateTime), @p3='?' (DbType = DateTime), @p4='?' (Size = 17), @p5='?' (Size = 19), @p6='?' (DbType = Guid), @p7='?' (Size = 60), @p8='?', @p9='?' (DbType = Int32), @p10='?' (Size = 10)], CommandType='"Text"', CommandTimeout='30']
INSERT INTO "Users" ("id", "active", "birth_year", "created_at", "email", "name", "parking_lot_id", "password", "phone", "role", "username")
VALUES (@p0, @p1, @p2, @p3, @p4, @p5, @p6, @p7, @p8, @p9, @p10);
2026-01-15 09:45:01.452 +01:00 [INF] Executed DbCommand (0ms) [Parameters=[@p0='?' (DbType = Guid), @p1='?' (DbType = Boolean), @p2='?' (DbType = DateTime), @p3='?' (DbType = DateTime), @p4='?' (Size = 16), @p5='?' (Size = 12), @p6='?' (DbType = Guid), @p7='?' (Size = 60), @p8='?', @p9='?' (DbType = Int32), @p10='?' (Size = 4)], CommandType='"Text"', CommandTimeout='30']
INSERT INTO "Users" ("id", "active", "birth_year", "created_at", "email", "name", "parking_lot_id", "password", "phone", "role", "username")
VALUES (@p0, @p1, @p2, @p3, @p4, @p5, @p6, @p7, @p8, @p9, @p10);
2026-01-15 09:45:01.477 +01:00 [INF] User profile is available. Using 'C:\Users\zdenn\AppData\Local\ASP.NET\DataProtection-Keys' as key repository and Windows DPAPI to encrypt keys at rest.
2026-01-15 09:45:01.555 +01:00 [INF] Now listening on: http://localhost:5001
2026-01-15 09:45:01.558 +01:00 [INF] Application started. Press Ctrl+C to shut down.
2026-01-15 09:45:01.559 +01:00 [INF] Hosting environment: Production
2026-01-15 09:45:01.560 +01:00 [INF] Content root path: C:\Users\zdenn\Desktop\Software_Construction\CSharp Parking API
2026-01-15 09:45:04.371 +01:00 [INF] Application is shutting down...
2026-01-15 09:45:34.732 +01:00 [INF] Acquiring an exclusive lock for migration application. See https://aka.ms/efcore-docs-migrations-lock for more information if this takes too long.
2026-01-15 09:45:34.796 +01:00 [INF] Executed DbCommand (10ms) [Parameters=[], CommandType='"Text"', CommandTimeout='30']
SELECT COUNT(*) FROM "sqlite_master" WHERE "name" = '__EFMigrationsLock' AND "type" = 'table';
2026-01-15 09:45:34.807 +01:00 [INF] Executed DbCommand (2ms) [Parameters=[], CommandType='"Text"', CommandTimeout='30']
INSERT OR IGNORE INTO "__EFMigrationsLock"("Id", "Timestamp") VALUES(1, '2026-01-15 08:45:34.8044651+00:00');
SELECT changes();
2026-01-15 09:45:34.858 +01:00 [INF] Executed DbCommand (2ms) [Parameters=[], CommandType='"Text"', CommandTimeout='30']
CREATE TABLE IF NOT EXISTS "__EFMigrationsHistory" (
    "MigrationId" TEXT NOT NULL CONSTRAINT "PK___EFMigrationsHistory" PRIMARY KEY,
    "ProductVersion" TEXT NOT NULL
);
2026-01-15 09:45:34.871 +01:00 [INF] Executed DbCommand (0ms) [Parameters=[], CommandType='"Text"', CommandTimeout='30']
SELECT COUNT(*) FROM "sqlite_master" WHERE "name" = '__EFMigrationsHistory' AND "type" = 'table';
2026-01-15 09:45:34.880 +01:00 [INF] Executed DbCommand (1ms) [Parameters=[], CommandType='"Text"', CommandTimeout='30']
SELECT "MigrationId", "ProductVersion"
FROM "__EFMigrationsHistory"
ORDER BY "MigrationId";
2026-01-15 09:45:34.893 +01:00 [INF] No migrations were applied. The database is already up to date.
2026-01-15 09:45:34.936 +01:00 [INF] Executed DbCommand (13ms) [Parameters=[], CommandType='"Text"', CommandTimeout='30']
DELETE FROM "__EFMigrationsLock";
2026-01-15 09:45:35.103 +01:00 [INF] Executed DbCommand (0ms) [Parameters=[], CommandType='"Text"', CommandTimeout='30']
SELECT EXISTS (
    SELECT 1
    FROM "Users" AS "u")
2026-01-15 09:45:35.123 +01:00 [INF] User profile is available. Using 'C:\Users\zdenn\AppData\Local\ASP.NET\DataProtection-Keys' as key repository and Windows DPAPI to encrypt keys at rest.
2026-01-15 09:45:35.185 +01:00 [INF] Now listening on: http://localhost:5001
2026-01-15 09:45:35.188 +01:00 [INF] Application started. Press Ctrl+C to shut down.
2026-01-15 09:45:35.190 +01:00 [INF] Hosting environment: Production
2026-01-15 09:45:35.191 +01:00 [INF] Content root path: C:\Users\zdenn\Desktop\Software_Construction\CSharp Parking API
2026-01-15 09:47:04.337 +01:00 [INF] Request starting HTTP/1.1 POST http://localhost:5001/api/v2/auth/register - application/json 218
2026-01-15 09:47:04.403 +01:00 [INF] CORS policy execution successful.
2026-01-15 09:47:04.465 +01:00 [INF] Executing endpoint 'CSharpAPI.Controllers.C_Auth.Register (CSharp Parking API)'
2026-01-15 09:47:04.493 +01:00 [INF] Route matched with {action = "Register", controller = "C_Auth"}. Executing controller action with signature System.Threading.Tasks.Task`1[Microsoft.AspNetCore.Mvc.IActionResult] Register(RegisterRequest) on controller CSharpAPI.Controllers.C_Auth (CSharp Parking API).
2026-01-15 09:47:04.664 +01:00 [INF] Executed DbCommand (3ms) [Parameters=[@__request_Username_0='?' (Size = 8)], CommandType='"Text"', CommandTimeout='30']
SELECT "u"."id", "u"."active", "u"."birth_year", "u"."created_at", "u"."email", "u"."name", "u"."parking_lot_id", "u"."password", "u"."phone", "u"."role", "u"."username"
FROM "Users" AS "u"
WHERE "u"."username" = @__request_Username_0
LIMIT 1
2026-01-15 09:47:04.675 +01:00 [INF] Executed DbCommand (0ms) [Parameters=[@__request_Email_0='?' (Size = 18)], CommandType='"Text"', CommandTimeout='30']
SELECT "u"."id", "u"."active", "u"."birth_year", "u"."created_at", "u"."email", "u"."name", "u"."parking_lot_id", "u"."password", "u"."phone", "u"."role", "u"."username"
FROM "Users" AS "u"
WHERE "u"."email" = @__request_Email_0
LIMIT 1
2026-01-15 09:47:05.361 +01:00 [INF] Executed DbCommand (4ms) [Parameters=[@p0='?' (DbType = Guid), @p1='?' (DbType = Boolean), @p2='?' (DbType = DateTime), @p3='?' (DbType = DateTime), @p4='?' (Size = 18), @p5='?' (Size = 8), @p6='?' (DbType = Guid), @p7='?' (Size = 60), @p8='?' (Size = 10), @p9='?' (DbType = Int32), @p10='?' (Size = 8)], CommandType='"Text"', CommandTimeout='30']
INSERT INTO "Users" ("id", "active", "birth_year", "created_at", "email", "name", "parking_lot_id", "password", "phone", "role", "username")
VALUES (@p0, @p1, @p2, @p3, @p4, @p5, @p6, @p7, @p8, @p9, @p10);
2026-01-15 09:47:05.382 +01:00 [INF] Executing OkObjectResult, writing value of type '<>f__AnonymousType2`1[[System.String, System.Private.CoreLib, Version=8.0.0.0, Culture=neutral, PublicKeyToken=7cec85d7bea7798e]]'.
2026-01-15 09:47:05.475 +01:00 [INF] Executed action CSharpAPI.Controllers.C_Auth.Register (CSharp Parking API) in 975.5323ms
2026-01-15 09:47:05.481 +01:00 [INF] Executed endpoint 'CSharpAPI.Controllers.C_Auth.Register (CSharp Parking API)'
2026-01-15 09:47:05.487 +01:00 [INF] Request finished HTTP/1.1 POST http://localhost:5001/api/v2/auth/register - 200 null application/json; charset=utf-8 1152.4212ms
2026-01-15 09:47:27.367 +01:00 [INF] Request starting HTTP/1.1 POST http://localhost:5001/api/v2/auth/login - application/json 58
2026-01-15 09:47:27.373 +01:00 [INF] CORS policy execution successful.
2026-01-15 09:47:27.375 +01:00 [INF] Executing endpoint 'CSharpAPI.Controllers.C_Auth.Login (CSharp Parking API)'
2026-01-15 09:47:27.385 +01:00 [INF] Route matched with {action = "Login", controller = "C_Auth"}. Executing controller action with signature System.Threading.Tasks.Task`1[Microsoft.AspNetCore.Mvc.IActionResult] Login(LoginRequest) on controller CSharpAPI.Controllers.C_Auth (CSharp Parking API).
2026-01-15 09:47:27.456 +01:00 [INF] Executed DbCommand (0ms) [Parameters=[@__request_Username_0='?' (Size = 8)], CommandType='"Text"', CommandTimeout='30']
SELECT "u"."id", "u"."active", "u"."birth_year", "u"."created_at", "u"."email", "u"."name", "u"."parking_lot_id", "u"."password", "u"."phone", "u"."role", "u"."username"
FROM "Users" AS "u"
WHERE "u"."username" = @__request_Username_0 AND "u"."active"
LIMIT 1
2026-01-15 09:47:27.986 +01:00 [INF] User Zdennick logged in successfully
2026-01-15 09:47:28.015 +01:00 [INF] Executing OkObjectResult, writing value of type '<>f__AnonymousType0`2[[System.String, System.Private.CoreLib, Version=8.0.0.0, Culture=neutral, PublicKeyToken=7cec85d7bea7798e],[System.DateTime, System.Private.CoreLib, Version=8.0.0.0, Culture=neutral, PublicKeyToken=7cec85d7bea7798e]]'.
2026-01-15 09:47:28.024 +01:00 [INF] Executed action CSharpAPI.Controllers.C_Auth.Login (CSharp Parking API) in 636.6389ms
2026-01-15 09:47:28.025 +01:00 [INF] Executed endpoint 'CSharpAPI.Controllers.C_Auth.Login (CSharp Parking API)'
2026-01-15 09:47:28.027 +01:00 [INF] Request finished HTTP/1.1 POST http://localhost:5001/api/v2/auth/login - 200 null application/json; charset=utf-8 659.9525ms
2026-01-15 09:47:57.567 +01:00 [INF] Request starting HTTP/1.1 GET http://localhost:5001/api/v2/auth/me - null null
2026-01-15 09:47:57.654 +01:00 [INF] Executed DbCommand (0ms) [Parameters=[@__tokenHash_0='?' (Size = 44)], CommandType='"Text"', CommandTimeout='30']
SELECT "r"."TokenId", "r"."ExpiresAt", "r"."RevokedAt", "r"."UserId"
FROM "RevokedTokens" AS "r"
WHERE "r"."TokenId" = @__tokenHash_0
LIMIT 1
2026-01-15 09:47:57.664 +01:00 [INF] Executing endpoint 'CSharpAPI.Controllers.C_Auth.Me (CSharp Parking API)'
2026-01-15 09:47:57.667 +01:00 [INF] Route matched with {action = "Me", controller = "C_Auth"}. Executing controller action with signature Microsoft.AspNetCore.Mvc.IActionResult Me() on controller CSharpAPI.Controllers.C_Auth (CSharp Parking API).
2026-01-15 09:47:57.670 +01:00 [INF] Executing OkObjectResult, writing value of type '<>f__AnonymousType1`3[[System.String, System.Private.CoreLib, Version=8.0.0.0, Culture=neutral, PublicKeyToken=7cec85d7bea7798e],[System.String, System.Private.CoreLib, Version=8.0.0.0, Culture=neutral, PublicKeyToken=7cec85d7bea7798e],[System.String, System.Private.CoreLib, Version=8.0.0.0, Culture=neutral, PublicKeyToken=7cec85d7bea7798e]]'.
2026-01-15 09:47:57.675 +01:00 [INF] Executed action CSharpAPI.Controllers.C_Auth.Me (CSharp Parking API) in 6.3489ms
2026-01-15 09:47:57.676 +01:00 [INF] Executed endpoint 'CSharpAPI.Controllers.C_Auth.Me (CSharp Parking API)'
2026-01-15 09:47:57.679 +01:00 [INF] Request finished HTTP/1.1 GET http://localhost:5001/api/v2/auth/me - 200 null application/json; charset=utf-8 112.3394ms
2026-01-15 09:52:06.618 +01:00 [INF] Request starting HTTP/1.1 GET http://localhost:5001/swagger/index.html - null null
2026-01-15 09:52:06.694 +01:00 [INF] Request finished HTTP/1.1 GET http://localhost:5001/swagger/index.html - 200 null text/html;charset=utf-8 76.1566ms
2026-01-15 09:52:06.957 +01:00 [INF] Request starting HTTP/1.1 GET http://localhost:5001/swagger/v2/swagger.json - null null
2026-01-15 09:52:06.961 +01:00 [INF] Request starting HTTP/1.1 GET http://localhost:5001/swagger/favicon-32x32.png - null null
2026-01-15 09:52:06.972 +01:00 [INF] Request finished HTTP/1.1 GET http://localhost:5001/swagger/favicon-32x32.png - 200 628 image/png 11.2378ms
2026-01-15 09:52:07.168 +01:00 [INF] Request finished HTTP/1.1 GET http://localhost:5001/swagger/v2/swagger.json - 200 null application/json;charset=utf-8 210.974ms
2026-01-15 11:39:31.935 +01:00 [INF] Acquiring an exclusive lock for migration application. See https://aka.ms/efcore-docs-migrations-lock for more information if this takes too long.
2026-01-15 11:39:32.094 +01:00 [INF] Executed DbCommand (30ms) [Parameters=[], CommandType='"Text"', CommandTimeout='30']
SELECT COUNT(*) FROM "sqlite_master" WHERE "name" = '__EFMigrationsLock' AND "type" = 'table';
2026-01-15 11:39:32.122 +01:00 [INF] Executed DbCommand (6ms) [Parameters=[], CommandType='"Text"', CommandTimeout='30']
INSERT OR IGNORE INTO "__EFMigrationsLock"("Id", "Timestamp") VALUES(1, '2026-01-15 10:39:32.11416+00:00');
SELECT changes();
2026-01-15 11:39:32.288 +01:00 [INF] Executed DbCommand (2ms) [Parameters=[], CommandType='"Text"', CommandTimeout='30']
CREATE TABLE IF NOT EXISTS "__EFMigrationsHistory" (
    "MigrationId" TEXT NOT NULL CONSTRAINT "PK___EFMigrationsHistory" PRIMARY KEY,
    "ProductVersion" TEXT NOT NULL
);
2026-01-15 11:39:32.332 +01:00 [INF] Executed DbCommand (0ms) [Parameters=[], CommandType='"Text"', CommandTimeout='30']
SELECT COUNT(*) FROM "sqlite_master" WHERE "name" = '__EFMigrationsHistory' AND "type" = 'table';
2026-01-15 11:39:32.352 +01:00 [INF] Executed DbCommand (3ms) [Parameters=[], CommandType='"Text"', CommandTimeout='30']
SELECT "MigrationId", "ProductVersion"
FROM "__EFMigrationsHistory"
ORDER BY "MigrationId";
2026-01-15 11:39:32.382 +01:00 [INF] No migrations were applied. The database is already up to date.
2026-01-15 11:39:32.392 +01:00 [INF] Executed DbCommand (3ms) [Parameters=[], CommandType='"Text"', CommandTimeout='30']
DELETE FROM "__EFMigrationsLock";
2026-01-15 11:39:32.840 +01:00 [INF] Executed DbCommand (1ms) [Parameters=[], CommandType='"Text"', CommandTimeout='30']
SELECT EXISTS (
    SELECT 1
    FROM "Users" AS "u")
2026-01-15 11:39:32.879 +01:00 [INF] User profile is available. Using 'C:\Users\zdenn\AppData\Local\ASP.NET\DataProtection-Keys' as key repository and Windows DPAPI to encrypt keys at rest.
2026-01-15 11:39:33.007 +01:00 [INF] Now listening on: http://localhost:5001
2026-01-15 11:39:33.013 +01:00 [INF] Application started. Press Ctrl+C to shut down.
2026-01-15 11:39:33.015 +01:00 [INF] Hosting environment: Production
2026-01-15 11:39:33.016 +01:00 [INF] Content root path: C:\Users\zdenn\Desktop\Software_Construction\CSharp Parking API
2026-01-15 11:41:34.504 +01:00 [INF] Request starting HTTP/1.1 GET http://localhost:5001/swagger/v2/swagger.json - null null
2026-01-15 11:41:35.205 +01:00 [INF] Request finished HTTP/1.1 GET http://localhost:5001/swagger/v2/swagger.json - 200 null application/json;charset=utf-8 706.3142ms
