2026-01-09 21:56:43.798 +01:00 [INF] User profile is available. Using 'C:\Users\IremP\AppData\Local\ASP.NET\DataProtection-Keys' as key repository and Windows DPAPI to encrypt keys at rest.
2026-01-09 21:56:43.950 +01:00 [INF] Now listening on: http://localhost:5001
2026-01-09 21:56:43.954 +01:00 [INF] Application started. Press Ctrl+C to shut down.
2026-01-09 21:56:43.955 +01:00 [INF] Hosting environment: Production
2026-01-09 21:56:43.956 +01:00 [INF] Content root path: C:\Users\IremP\OneDrive\college\Github\Software_Construction\CSharp Parking API
2026-01-09 21:58:35.498 +01:00 [INF] Application is shutting down...
2026-01-09 22:08:22.622 +01:00 [INF] Executed DbCommand (13ms) [Parameters=[], CommandType='"Text"', CommandTimeout='30']
PRAGMA journal_mode = 'wal';
2026-01-09 22:08:22.671 +01:00 [INF] Acquiring an exclusive lock for migration application. See https://aka.ms/efcore-docs-migrations-lock for more information if this takes too long.
2026-01-09 22:08:22.682 +01:00 [INF] Executed DbCommand (6ms) [Parameters=[], CommandType='"Text"', CommandTimeout='30']
SELECT COUNT(*) FROM "sqlite_master" WHERE "name" = '__EFMigrationsLock' AND "type" = 'table';
2026-01-09 22:08:22.687 +01:00 [INF] Executed DbCommand (3ms) [Parameters=[], CommandType='"Text"', CommandTimeout='30']
CREATE TABLE IF NOT EXISTS "__EFMigrationsLock" (
    "Id" INTEGER NOT NULL CONSTRAINT "PK___EFMigrationsLock" PRIMARY KEY,
    "Timestamp" TEXT NOT NULL
);
2026-01-09 22:08:22.692 +01:00 [INF] Executed DbCommand (1ms) [Parameters=[], CommandType='"Text"', CommandTimeout='30']
INSERT OR IGNORE INTO "__EFMigrationsLock"("Id", "Timestamp") VALUES(1, '2026-01-09 21:08:22.6907821+00:00');
SELECT changes();
2026-01-09 22:08:22.756 +01:00 [INF] Executed DbCommand (0ms) [Parameters=[], CommandType='"Text"', CommandTimeout='30']
CREATE TABLE IF NOT EXISTS "__EFMigrationsHistory" (
    "MigrationId" TEXT NOT NULL CONSTRAINT "PK___EFMigrationsHistory" PRIMARY KEY,
    "ProductVersion" TEXT NOT NULL
);
2026-01-09 22:08:22.766 +01:00 [INF] Executed DbCommand (0ms) [Parameters=[], CommandType='"Text"', CommandTimeout='30']
SELECT COUNT(*) FROM "sqlite_master" WHERE "name" = '__EFMigrationsHistory' AND "type" = 'table';
2026-01-09 22:08:22.771 +01:00 [INF] Executed DbCommand (0ms) [Parameters=[], CommandType='"Text"', CommandTimeout='30']
SELECT "MigrationId", "ProductVersion"
FROM "__EFMigrationsHistory"
ORDER BY "MigrationId";
2026-01-09 22:08:22.781 +01:00 [INF] Applying migration '20251030115143_InitialCreate'.
2026-01-09 22:08:22.798 +01:00 [INF] Executed DbCommand (0ms) [Parameters=[], CommandType='"Text"', CommandTimeout='30']
CREATE TABLE "Parkinglots" (
    "id" TEXT NOT NULL CONSTRAINT "PK_Parkinglots" PRIMARY KEY,
    "name" TEXT NULL,
    "location" TEXT NULL,
    "address" TEXT NULL,
    "capacity" INTEGER NOT NULL,
    "reserved" INTEGER NOT NULL,
    "daytarriff" REAL NOT NULL,
    "created_at" TEXT NOT NULL,
    "coordinates_lat" REAL NULL,
    "coordinates_lng" REAL NULL
);
2026-01-09 22:08:22.801 +01:00 [INF] Executed DbCommand (0ms) [Parameters=[], CommandType='"Text"', CommandTimeout='30']
CREATE TABLE "Payments" (
    "hash" TEXT NOT NULL CONSTRAINT "PK_Payments" PRIMARY KEY,
    "transactions" TEXT NULL,
    "amount" REAL NOT NULL,
    "initiator" TEXT NULL,
    "created_at" TEXT NOT NULL,
    "completed" TEXT NOT NULL,
    "t_data_amount" REAL NULL,
    "t_data_date" TEXT NULL,
    "t_data_method" TEXT NULL,
    "t_data_issuer" TEXT NULL,
    "t_data_bank" TEXT NULL,
    "session_id" TEXT NOT NULL,
    "parking_lot_id" TEXT NOT NULL
);
2026-01-09 22:08:22.803 +01:00 [INF] Executed DbCommand (0ms) [Parameters=[], CommandType='"Text"', CommandTimeout='30']
CREATE TABLE "Reservations" (
    "id" TEXT NOT NULL CONSTRAINT "PK_Reservations" PRIMARY KEY,
    "user_id" TEXT NOT NULL,
    "parking_lot_id" TEXT NOT NULL,
    "vehicle_id" TEXT NOT NULL,
    "start_time" TEXT NOT NULL,
    "end_time" TEXT NOT NULL,
    "status" INTEGER NOT NULL,
    "created_at" TEXT NOT NULL,
    "cost" REAL NOT NULL
);
2026-01-09 22:08:22.806 +01:00 [INF] Executed DbCommand (0ms) [Parameters=[], CommandType='"Text"', CommandTimeout='30']
CREATE TABLE "Sessions" (
    "id" TEXT NOT NULL CONSTRAINT "PK_Sessions" PRIMARY KEY,
    "parking_lot_id" TEXT NOT NULL,
    "license_plate" TEXT NULL,
    "started" TEXT NOT NULL,
    "stopped" TEXT NOT NULL,
    "user" TEXT NULL,
    "duration_minutes" INTEGER NOT NULL,
    "cost" REAL NOT NULL,
    "status" INTEGER NOT NULL
);
2026-01-09 22:08:22.808 +01:00 [INF] Executed DbCommand (0ms) [Parameters=[], CommandType='"Text"', CommandTimeout='30']
CREATE TABLE "Users" (
    "id" TEXT NOT NULL CONSTRAINT "PK_Users" PRIMARY KEY,
    "username" TEXT NULL,
    "password" TEXT NULL,
    "name" TEXT NULL,
    "email" TEXT NULL,
    "phone" TEXT NULL,
    "role" INTEGER NOT NULL,
    "created_at" TEXT NOT NULL,
    "birth_year" TEXT NOT NULL,
    "active" INTEGER NOT NULL
);
2026-01-09 22:08:22.810 +01:00 [INF] Executed DbCommand (0ms) [Parameters=[], CommandType='"Text"', CommandTimeout='30']
CREATE TABLE "Vehicles" (
    "id" TEXT NOT NULL CONSTRAINT "PK_Vehicles" PRIMARY KEY,
    "user_id" TEXT NOT NULL,
    "license_plate" TEXT NULL,
    "make" TEXT NULL,
    "model" TEXT NULL,
    "color" TEXT NULL,
    "year" TEXT NOT NULL,
    "created_at" TEXT NOT NULL
);
2026-01-09 22:08:22.812 +01:00 [INF] Executed DbCommand (0ms) [Parameters=[], CommandType='"Text"', CommandTimeout='30']
INSERT INTO "__EFMigrationsHistory" ("MigrationId", "ProductVersion")
VALUES ('20251030115143_InitialCreate', '9.0.9');
2026-01-09 22:08:22.813 +01:00 [INF] Applying migration '20251106105417_FixSessionVehicleFk'.
2026-01-09 22:08:22.840 +01:00 [WRN] The migration operation 'PRAGMA foreign_keys = 0;
' from migration 'FixSessionVehicleFk' cannot be executed in a transaction. If the app is terminated or an unrecoverable error occurs while this operation is being executed then the migration will be left in a partially applied state and would need to be reverted manually before it can be applied again. Create a separate migration that contains just this operation.
2026-01-09 22:08:22.842 +01:00 [INF] Executed DbCommand (0ms) [Parameters=[], CommandType='"Text"', CommandTimeout='30']
ALTER TABLE "Sessions" ADD "vehicle_id" TEXT NOT NULL DEFAULT '00000000-0000-0000-0000-000000000000';
2026-01-09 22:08:22.844 +01:00 [INF] Executed DbCommand (0ms) [Parameters=[], CommandType='"Text"', CommandTimeout='30']
ALTER TABLE "Payments" ADD "id" TEXT NOT NULL DEFAULT '00000000-0000-0000-0000-000000000000';
2026-01-09 22:08:22.846 +01:00 [INF] Executed DbCommand (0ms) [Parameters=[], CommandType='"Text"', CommandTimeout='30']
ALTER TABLE "Payments" ADD "paid_at" TEXT NOT NULL DEFAULT '0001-01-01 00:00:00';
2026-01-09 22:08:22.848 +01:00 [INF] Executed DbCommand (0ms) [Parameters=[], CommandType='"Text"', CommandTimeout='30']
ALTER TABLE "Payments" ADD "reservation_id" TEXT NOT NULL DEFAULT '00000000-0000-0000-0000-000000000000';
2026-01-09 22:08:22.850 +01:00 [INF] Executed DbCommand (0ms) [Parameters=[], CommandType='"Text"', CommandTimeout='30']
CREATE INDEX "IX_Vehicles_user_id" ON "Vehicles" ("user_id");
2026-01-09 22:08:22.852 +01:00 [INF] Executed DbCommand (0ms) [Parameters=[], CommandType='"Text"', CommandTimeout='30']
CREATE INDEX "IX_Sessions_parking_lot_id" ON "Sessions" ("parking_lot_id");
2026-01-09 22:08:22.854 +01:00 [INF] Executed DbCommand (0ms) [Parameters=[], CommandType='"Text"', CommandTimeout='30']
CREATE INDEX "IX_Sessions_vehicle_id" ON "Sessions" ("vehicle_id");
2026-01-09 22:08:22.856 +01:00 [INF] Executed DbCommand (0ms) [Parameters=[], CommandType='"Text"', CommandTimeout='30']
CREATE INDEX "IX_Reservations_parking_lot_id" ON "Reservations" ("parking_lot_id");
2026-01-09 22:08:22.858 +01:00 [INF] Executed DbCommand (0ms) [Parameters=[], CommandType='"Text"', CommandTimeout='30']
CREATE INDEX "IX_Reservations_user_id" ON "Reservations" ("user_id");
2026-01-09 22:08:22.860 +01:00 [INF] Executed DbCommand (0ms) [Parameters=[], CommandType='"Text"', CommandTimeout='30']
CREATE INDEX "IX_Reservations_vehicle_id" ON "Reservations" ("vehicle_id");
2026-01-09 22:08:22.862 +01:00 [INF] Executed DbCommand (0ms) [Parameters=[], CommandType='"Text"', CommandTimeout='30']
CREATE TABLE "ef_temp_Reservations" (
    "id" TEXT NOT NULL CONSTRAINT "PK_Reservations" PRIMARY KEY,
    "cost" REAL NOT NULL,
    "created_at" TEXT NOT NULL,
    "end_time" TEXT NOT NULL,
    "parking_lot_id" TEXT NOT NULL,
    "start_time" TEXT NOT NULL,
    "status" INTEGER NOT NULL,
    "user_id" TEXT NOT NULL,
    "vehicle_id" TEXT NOT NULL,
    CONSTRAINT "FK_Reservations_Parkinglots_parking_lot_id" FOREIGN KEY ("parking_lot_id") REFERENCES "Parkinglots" ("id") ON DELETE CASCADE,
    CONSTRAINT "FK_Reservations_Users_user_id" FOREIGN KEY ("user_id") REFERENCES "Users" ("id") ON DELETE CASCADE,
    CONSTRAINT "FK_Reservations_Vehicles_vehicle_id" FOREIGN KEY ("vehicle_id") REFERENCES "Vehicles" ("id") ON DELETE CASCADE
);
2026-01-09 22:08:22.864 +01:00 [INF] Executed DbCommand (0ms) [Parameters=[], CommandType='"Text"', CommandTimeout='30']
INSERT INTO "ef_temp_Reservations" ("id", "cost", "created_at", "end_time", "parking_lot_id", "start_time", "status", "user_id", "vehicle_id")
SELECT "id", "cost", "created_at", "end_time", "parking_lot_id", "start_time", "status", "user_id", "vehicle_id"
FROM "Reservations";
2026-01-09 22:08:22.866 +01:00 [INF] Executed DbCommand (0ms) [Parameters=[], CommandType='"Text"', CommandTimeout='30']
CREATE TABLE "ef_temp_Sessions" (
    "id" TEXT NOT NULL CONSTRAINT "PK_Sessions" PRIMARY KEY,
    "cost" REAL NOT NULL,
    "duration_minutes" INTEGER NOT NULL,
    "license_plate" TEXT NULL,
    "parking_lot_id" TEXT NOT NULL,
    "started" TEXT NOT NULL,
    "status" INTEGER NOT NULL,
    "stopped" TEXT NOT NULL,
    "user" TEXT NULL,
    "vehicle_id" TEXT NOT NULL,
    CONSTRAINT "FK_Sessions_Parkinglots_parking_lot_id" FOREIGN KEY ("parking_lot_id") REFERENCES "Parkinglots" ("id") ON DELETE CASCADE,
    CONSTRAINT "FK_Sessions_Vehicles_vehicle_id" FOREIGN KEY ("vehicle_id") REFERENCES "Vehicles" ("id") ON DELETE CASCADE
);
2026-01-09 22:08:22.868 +01:00 [INF] Executed DbCommand (0ms) [Parameters=[], CommandType='"Text"', CommandTimeout='30']
INSERT INTO "ef_temp_Sessions" ("id", "cost", "duration_minutes", "license_plate", "parking_lot_id", "started", "status", "stopped", "user", "vehicle_id")
SELECT "id", "cost", "duration_minutes", "license_plate", "parking_lot_id", "started", "status", "stopped", "user", "vehicle_id"
FROM "Sessions";
2026-01-09 22:08:22.871 +01:00 [INF] Executed DbCommand (0ms) [Parameters=[], CommandType='"Text"', CommandTimeout='30']
CREATE TABLE "ef_temp_Vehicles" (
    "id" TEXT NOT NULL CONSTRAINT "PK_Vehicles" PRIMARY KEY,
    "color" TEXT NULL,
    "created_at" TEXT NOT NULL,
    "license_plate" TEXT NULL,
    "make" TEXT NULL,
    "model" TEXT NULL,
    "user_id" TEXT NOT NULL,
    "year" TEXT NOT NULL,
    CONSTRAINT "FK_Vehicles_Users_user_id" FOREIGN KEY ("user_id") REFERENCES "Users" ("id") ON DELETE CASCADE
);
2026-01-09 22:08:22.874 +01:00 [INF] Executed DbCommand (0ms) [Parameters=[], CommandType='"Text"', CommandTimeout='30']
INSERT INTO "ef_temp_Vehicles" ("id", "color", "created_at", "license_plate", "make", "model", "user_id", "year")
SELECT "id", "color", "created_at", "license_plate", "make", "model", "user_id", "year"
FROM "Vehicles";
2026-01-09 22:08:22.877 +01:00 [INF] Executed DbCommand (0ms) [Parameters=[], CommandType='"Text"', CommandTimeout='30']
PRAGMA foreign_keys = 0;
2026-01-09 22:08:22.879 +01:00 [INF] Executed DbCommand (0ms) [Parameters=[], CommandType='"Text"', CommandTimeout='30']
DROP TABLE "Reservations";
2026-01-09 22:08:22.883 +01:00 [INF] Executed DbCommand (1ms) [Parameters=[], CommandType='"Text"', CommandTimeout='30']
ALTER TABLE "ef_temp_Reservations" RENAME TO "Reservations";
2026-01-09 22:08:22.885 +01:00 [INF] Executed DbCommand (0ms) [Parameters=[], CommandType='"Text"', CommandTimeout='30']
DROP TABLE "Sessions";
2026-01-09 22:08:22.888 +01:00 [INF] Executed DbCommand (1ms) [Parameters=[], CommandType='"Text"', CommandTimeout='30']
ALTER TABLE "ef_temp_Sessions" RENAME TO "Sessions";
2026-01-09 22:08:22.890 +01:00 [INF] Executed DbCommand (0ms) [Parameters=[], CommandType='"Text"', CommandTimeout='30']
DROP TABLE "Vehicles";
2026-01-09 22:08:22.892 +01:00 [INF] Executed DbCommand (0ms) [Parameters=[], CommandType='"Text"', CommandTimeout='30']
ALTER TABLE "ef_temp_Vehicles" RENAME TO "Vehicles";
2026-01-09 22:08:22.895 +01:00 [INF] Executed DbCommand (0ms) [Parameters=[], CommandType='"Text"', CommandTimeout='30']
PRAGMA foreign_keys = 1;
2026-01-09 22:08:22.897 +01:00 [INF] Executed DbCommand (0ms) [Parameters=[], CommandType='"Text"', CommandTimeout='30']
CREATE INDEX "IX_Reservations_parking_lot_id" ON "Reservations" ("parking_lot_id");
2026-01-09 22:08:22.900 +01:00 [INF] Executed DbCommand (0ms) [Parameters=[], CommandType='"Text"', CommandTimeout='30']
CREATE INDEX "IX_Reservations_user_id" ON "Reservations" ("user_id");
2026-01-09 22:08:22.902 +01:00 [INF] Executed DbCommand (0ms) [Parameters=[], CommandType='"Text"', CommandTimeout='30']
CREATE INDEX "IX_Reservations_vehicle_id" ON "Reservations" ("vehicle_id");
2026-01-09 22:08:22.904 +01:00 [INF] Executed DbCommand (0ms) [Parameters=[], CommandType='"Text"', CommandTimeout='30']
CREATE INDEX "IX_Sessions_parking_lot_id" ON "Sessions" ("parking_lot_id");
2026-01-09 22:08:22.906 +01:00 [INF] Executed DbCommand (0ms) [Parameters=[], CommandType='"Text"', CommandTimeout='30']
CREATE INDEX "IX_Sessions_vehicle_id" ON "Sessions" ("vehicle_id");
2026-01-09 22:08:22.908 +01:00 [INF] Executed DbCommand (0ms) [Parameters=[], CommandType='"Text"', CommandTimeout='30']
CREATE INDEX "IX_Vehicles_user_id" ON "Vehicles" ("user_id");
2026-01-09 22:08:22.911 +01:00 [INF] Executed DbCommand (1ms) [Parameters=[], CommandType='"Text"', CommandTimeout='30']
INSERT INTO "__EFMigrationsHistory" ("MigrationId", "ProductVersion")
VALUES ('20251106105417_FixSessionVehicleFk', '9.0.9');
2026-01-09 22:08:22.913 +01:00 [INF] Applying migration '20251117111803_UpdateUserRoles'.
2026-01-09 22:08:22.921 +01:00 [INF] Executed DbCommand (0ms) [Parameters=[], CommandType='"Text"', CommandTimeout='30']
ALTER TABLE "Users" ADD "parking_lot_id" TEXT NULL;
2026-01-09 22:08:22.923 +01:00 [INF] Executed DbCommand (0ms) [Parameters=[], CommandType='"Text"', CommandTimeout='30']
INSERT INTO "__EFMigrationsHistory" ("MigrationId", "ProductVersion")
VALUES ('20251117111803_UpdateUserRoles', '9.0.9');
2026-01-09 22:08:22.925 +01:00 [INF] Applying migration '20260108103628_AddRevokedTokensTable'.
2026-01-09 22:08:22.933 +01:00 [INF] Executed DbCommand (0ms) [Parameters=[], CommandType='"Text"', CommandTimeout='30']
CREATE TABLE "RevokedTokens" (
    "TokenId" TEXT NOT NULL CONSTRAINT "PK_RevokedTokens" PRIMARY KEY,
    "UserId" TEXT NOT NULL,
    "RevokedAt" TEXT NOT NULL,
    "ExpiresAt" TEXT NOT NULL
);
2026-01-09 22:08:22.935 +01:00 [INF] Executed DbCommand (0ms) [Parameters=[], CommandType='"Text"', CommandTimeout='30']
INSERT INTO "__EFMigrationsHistory" ("MigrationId", "ProductVersion")
VALUES ('20260108103628_AddRevokedTokensTable', '9.0.9');
2026-01-09 22:08:22.937 +01:00 [INF] Applying migration '20260108104230_AddBillingTable'.
2026-01-09 22:08:22.947 +01:00 [INF] Executed DbCommand (0ms) [Parameters=[], CommandType='"Text"', CommandTimeout='30']
CREATE TABLE "Billing" (
    "id" TEXT NOT NULL CONSTRAINT "PK_Billing" PRIMARY KEY,
    "user_id" TEXT NOT NULL,
    "session_id" TEXT NULL,
    "reservation_id" TEXT NULL,
    "payment_id" TEXT NULL,
    "amount" TEXT NOT NULL,
    "currency" TEXT NOT NULL,
    "description" TEXT NULL,
    "due_date" TEXT NOT NULL,
    "paid" INTEGER NOT NULL,
    "created_at" TEXT NOT NULL,
    "paid_at" TEXT NULL,
    "invoice_number" TEXT NULL,
    "type" INTEGER NOT NULL,
    "status" INTEGER NOT NULL
);
2026-01-09 22:08:22.949 +01:00 [INF] Executed DbCommand (0ms) [Parameters=[], CommandType='"Text"', CommandTimeout='30']
INSERT INTO "__EFMigrationsHistory" ("MigrationId", "ProductVersion")
VALUES ('20260108104230_AddBillingTable', '9.0.9');
2026-01-09 22:08:22.950 +01:00 [INF] Applying migration '20260109210806_UpdateModel'.
2026-01-09 22:08:22.969 +01:00 [INF] Executed DbCommand (0ms) [Parameters=[], CommandType='"Text"', CommandTimeout='30']
CREATE TABLE "BalanceTransactions" (
    "id" TEXT NOT NULL CONSTRAINT "PK_BalanceTransactions" PRIMARY KEY,
    "user_id" TEXT NOT NULL,
    "balance_id" TEXT NULL,
    "amount" TEXT NOT NULL,
    "currency" TEXT NOT NULL,
    "type" INTEGER NOT NULL,
    "description" TEXT NULL,
    "payment_id" TEXT NULL,
    "session_id" TEXT NULL,
    "created_at" TEXT NOT NULL
);
2026-01-09 22:08:22.971 +01:00 [INF] Executed DbCommand (0ms) [Parameters=[], CommandType='"Text"', CommandTimeout='30']
CREATE TABLE "Companies" (
    "id" TEXT NOT NULL CONSTRAINT "PK_Companies" PRIMARY KEY,
    "name" TEXT NOT NULL,
    "tax_id" TEXT NULL,
    "email" TEXT NULL,
    "phone" TEXT NULL,
    "address" TEXT NULL,
    "primary_contact_user_id" TEXT NULL,
    "active" INTEGER NOT NULL,
    "created_at" TEXT NOT NULL,
    "monthly_billing_enabled" INTEGER NOT NULL
);
2026-01-09 22:08:22.973 +01:00 [INF] Executed DbCommand (0ms) [Parameters=[], CommandType='"Text"', CommandTimeout='30']
CREATE TABLE "CompanyUsers" (
    "id" TEXT NOT NULL CONSTRAINT "PK_CompanyUsers" PRIMARY KEY,
    "company_id" TEXT NOT NULL,
    "user_id" TEXT NOT NULL,
    "role" INTEGER NOT NULL,
    "joined_at" TEXT NOT NULL
);
2026-01-09 22:08:22.975 +01:00 [INF] Executed DbCommand (0ms) [Parameters=[], CommandType='"Text"', CommandTimeout='30']
CREATE TABLE "HotelGuests" (
    "id" TEXT NOT NULL CONSTRAINT "PK_HotelGuests" PRIMARY KEY,
    "hotel_id" TEXT NOT NULL,
    "user_id" TEXT NOT NULL,
    "check_in" TEXT NOT NULL,
    "check_out" TEXT NULL,
    "reservation_number" TEXT NULL,
    "discount_applied" INTEGER NOT NULL,
    "created_at" TEXT NOT NULL
);
2026-01-09 22:08:22.977 +01:00 [INF] Executed DbCommand (0ms) [Parameters=[], CommandType='"Text"', CommandTimeout='30']
CREATE TABLE "Hotels" (
    "id" TEXT NOT NULL CONSTRAINT "PK_Hotels" PRIMARY KEY,
    "name" TEXT NOT NULL,
    "address" TEXT NULL,
    "phone" TEXT NULL,
    "email" TEXT NULL,
    "discount_percentage" TEXT NOT NULL,
    "active" INTEGER NOT NULL,
    "created_at" TEXT NOT NULL
);
2026-01-09 22:08:22.979 +01:00 [INF] Executed DbCommand (0ms) [Parameters=[], CommandType='"Text"', CommandTimeout='30']
CREATE TABLE "UserBalances" (
    "id" TEXT NOT NULL CONSTRAINT "PK_UserBalances" PRIMARY KEY,
    "user_id" TEXT NOT NULL,
    "balance" TEXT NOT NULL,
    "currency" TEXT NOT NULL,
    "last_updated" TEXT NOT NULL,
    "created_at" TEXT NOT NULL
);
2026-01-09 22:08:22.981 +01:00 [INF] Executed DbCommand (0ms) [Parameters=[], CommandType='"Text"', CommandTimeout='30']
INSERT INTO "__EFMigrationsHistory" ("MigrationId", "ProductVersion")
VALUES ('20260109210806_UpdateModel', '9.0.9');
2026-01-09 22:08:22.987 +01:00 [INF] Executed DbCommand (1ms) [Parameters=[], CommandType='"Text"', CommandTimeout='30']
DELETE FROM "__EFMigrationsLock";
2026-01-09 22:14:47.674 +01:00 [INF] Acquiring an exclusive lock for migration application. See https://aka.ms/efcore-docs-migrations-lock for more information if this takes too long.
2026-01-09 22:14:47.738 +01:00 [INF] Executed DbCommand (17ms) [Parameters=[], CommandType='"Text"', CommandTimeout='30']
SELECT COUNT(*) FROM "sqlite_master" WHERE "name" = '__EFMigrationsLock' AND "type" = 'table';
2026-01-09 22:14:47.760 +01:00 [INF] Executed DbCommand (9ms) [Parameters=[], CommandType='"Text"', CommandTimeout='30']
INSERT OR IGNORE INTO "__EFMigrationsLock"("Id", "Timestamp") VALUES(1, '2026-01-09 21:14:47.7481728+00:00');
SELECT changes();
2026-01-09 22:14:47.818 +01:00 [INF] Executed DbCommand (1ms) [Parameters=[], CommandType='"Text"', CommandTimeout='30']
CREATE TABLE IF NOT EXISTS "__EFMigrationsHistory" (
    "MigrationId" TEXT NOT NULL CONSTRAINT "PK___EFMigrationsHistory" PRIMARY KEY,
    "ProductVersion" TEXT NOT NULL
);
2026-01-09 22:14:47.830 +01:00 [INF] Executed DbCommand (0ms) [Parameters=[], CommandType='"Text"', CommandTimeout='30']
SELECT COUNT(*) FROM "sqlite_master" WHERE "name" = '__EFMigrationsHistory' AND "type" = 'table';
2026-01-09 22:14:47.835 +01:00 [INF] Executed DbCommand (1ms) [Parameters=[], CommandType='"Text"', CommandTimeout='30']
SELECT "MigrationId", "ProductVersion"
FROM "__EFMigrationsHistory"
ORDER BY "MigrationId";
2026-01-09 22:14:47.844 +01:00 [INF] No migrations were applied. The database is already up to date.
2026-01-09 22:14:47.847 +01:00 [INF] Executed DbCommand (1ms) [Parameters=[], CommandType='"Text"', CommandTimeout='30']
DELETE FROM "__EFMigrationsLock";
2026-01-09 22:14:48.029 +01:00 [INF] Executed DbCommand (0ms) [Parameters=[], CommandType='"Text"', CommandTimeout='30']
SELECT EXISTS (
    SELECT 1
    FROM "Users" AS "u")
2026-01-09 22:14:49.087 +01:00 [INF] Executed DbCommand (3ms) [Parameters=[@p0='?' (DbType = Guid), @p1='?' (DbType = Boolean), @p2='?' (DbType = DateTime), @p3='?' (DbType = DateTime), @p4='?' (Size = 16), @p5='?' (Size = 12), @p6='?' (DbType = Guid), @p7='?' (Size = 60), @p8='?', @p9='?' (DbType = Int32), @p10='?' (Size = 4)], CommandType='"Text"', CommandTimeout='30']
INSERT INTO "Users" ("id", "active", "birth_year", "created_at", "email", "name", "parking_lot_id", "password", "phone", "role", "username")
VALUES (@p0, @p1, @p2, @p3, @p4, @p5, @p6, @p7, @p8, @p9, @p10);
2026-01-09 22:14:49.092 +01:00 [INF] Executed DbCommand (0ms) [Parameters=[@p0='?' (DbType = Guid), @p1='?' (DbType = Boolean), @p2='?' (DbType = DateTime), @p3='?' (DbType = DateTime), @p4='?' (Size = 17), @p5='?' (Size = 19), @p6='?' (DbType = Guid), @p7='?' (Size = 60), @p8='?', @p9='?' (DbType = Int32), @p10='?' (Size = 10)], CommandType='"Text"', CommandTimeout='30']
INSERT INTO "Users" ("id", "active", "birth_year", "created_at", "email", "name", "parking_lot_id", "password", "phone", "role", "username")
VALUES (@p0, @p1, @p2, @p3, @p4, @p5, @p6, @p7, @p8, @p9, @p10);
2026-01-09 22:14:49.094 +01:00 [INF] Executed DbCommand (0ms) [Parameters=[@p0='?' (DbType = Guid), @p1='?' (DbType = Boolean), @p2='?' (DbType = DateTime), @p3='?' (DbType = DateTime), @p4='?' (Size = 20), @p5='?' (Size = 17), @p6='?' (DbType = Guid), @p7='?' (Size = 60), @p8='?', @p9='?' (DbType = Int32), @p10='?' (Size = 8)], CommandType='"Text"', CommandTimeout='30']
INSERT INTO "Users" ("id", "active", "birth_year", "created_at", "email", "name", "parking_lot_id", "password", "phone", "role", "username")
VALUES (@p0, @p1, @p2, @p3, @p4, @p5, @p6, @p7, @p8, @p9, @p10);
2026-01-09 22:14:49.131 +01:00 [INF] User profile is available. Using 'C:\Users\IremP\AppData\Local\ASP.NET\DataProtection-Keys' as key repository and Windows DPAPI to encrypt keys at rest.
2026-01-09 22:14:49.244 +01:00 [INF] Now listening on: http://localhost:5001
2026-01-09 22:14:49.247 +01:00 [INF] Application started. Press Ctrl+C to shut down.
2026-01-09 22:14:49.248 +01:00 [INF] Hosting environment: Production
2026-01-09 22:14:49.249 +01:00 [INF] Content root path: C:\Users\IremP\OneDrive\college\Github\Software_Construction\CSharp Parking API
2026-01-09 22:15:01.143 +01:00 [INF] Request starting HTTP/1.1 GET http://localhost:5001/api/users/all - null null
2026-01-09 22:15:01.243 +01:00 [INF] Failed to validate the token.
Microsoft.IdentityModel.Tokens.SecurityTokenMalformedException: IDX14100: JWT is not well formed, there are no dots (.).
The token needs to be in JWS or JWE Compact Serialization Format. (JWS): 'EncodedHeader.EndcodedPayload.EncodedSignature'. (JWE): 'EncodedProtectedHeader.EncodedEncryptedKey.EncodedInitializationVector.EncodedCiphertext.EncodedAuthenticationTag'.
 ---> Microsoft.IdentityModel.Tokens.SecurityTokenMalformedException: IDX14100: JWT is not well formed, there are no dots (.).
The token needs to be in JWS or JWE Compact Serialization Format. (JWS): 'EncodedHeader.EndcodedPayload.EncodedSignature'. (JWE): 'EncodedProtectedHeader.EncodedEncryptedKey.EncodedInitializationVector.EncodedCiphertext.EncodedAuthenticationTag'.
   at Microsoft.IdentityModel.JsonWebTokens.JsonWebToken.ReadToken(String encodedJson)
   at Microsoft.IdentityModel.JsonWebTokens.JsonWebToken..ctor(String jwtEncodedString)
   at Microsoft.IdentityModel.JsonWebTokens.JsonWebTokenHandler.ReadToken(String token, TokenValidationParameters validationParameters)
   --- End of inner exception stack trace ---
2026-01-09 22:15:01.265 +01:00 [INF] Bearer was not authenticated. Failure message: IDX14100: JWT is not well formed, there are no dots (.).
The token needs to be in JWS or JWE Compact Serialization Format. (JWS): 'EncodedHeader.EndcodedPayload.EncodedSignature'. (JWE): 'EncodedProtectedHeader.EncodedEncryptedKey.EncodedInitializationVector.EncodedCiphertext.EncodedAuthenticationTag'.
2026-01-09 22:15:01.274 +01:00 [INF] Authorization failed. These requirements were not met:
DenyAnonymousAuthorizationRequirement: Requires an authenticated user.
RolesAuthorizationRequirement:User.IsInRole must be true for one of the following roles: (SuperAdmin)
2026-01-09 22:15:01.278 +01:00 [INF] AuthenticationScheme: Bearer was challenged.
2026-01-09 22:15:01.284 +01:00 [INF] Request finished HTTP/1.1 GET http://localhost:5001/api/users/all - 401 0 null 143.5192ms
2026-01-09 22:18:14.962 +01:00 [INF] Request starting HTTP/1.1 POST http://localhost:5001/api/auth/login - application/json 60
2026-01-09 22:18:14.970 +01:00 [INF] Executing endpoint 'CSharpAPI.Controllers.C_Auth.Login (CSharp Parking API)'
2026-01-09 22:18:14.998 +01:00 [INF] Route matched with {action = "Login", controller = "C_Auth"}. Executing controller action with signature System.Threading.Tasks.Task`1[Microsoft.AspNetCore.Mvc.IActionResult] Login(LoginRequest) on controller CSharpAPI.Controllers.C_Auth (CSharp Parking API).
2026-01-09 22:18:15.184 +01:00 [INF] Executed DbCommand (0ms) [Parameters=[@__request_Username_0='?' (Size = 10)], CommandType='"Text"', CommandTimeout='30']
SELECT "u"."id", "u"."active", "u"."birth_year", "u"."created_at", "u"."email", "u"."name", "u"."parking_lot_id", "u"."password", "u"."phone", "u"."role", "u"."username"
FROM "Users" AS "u"
WHERE "u"."username" = @__request_Username_0 AND "u"."active"
LIMIT 1
2026-01-09 22:18:15.429 +01:00 [INF] User superadmin logged in successfully
2026-01-09 22:18:15.456 +01:00 [INF] Executing OkObjectResult, writing value of type '<>f__AnonymousType0`2[[System.String, System.Private.CoreLib, Version=8.0.0.0, Culture=neutral, PublicKeyToken=7cec85d7bea7798e],[System.DateTime, System.Private.CoreLib, Version=8.0.0.0, Culture=neutral, PublicKeyToken=7cec85d7bea7798e]]'.
2026-01-09 22:18:15.475 +01:00 [INF] Executed action CSharpAPI.Controllers.C_Auth.Login (CSharp Parking API) in 471.9314ms
2026-01-09 22:18:15.477 +01:00 [INF] Executed endpoint 'CSharpAPI.Controllers.C_Auth.Login (CSharp Parking API)'
2026-01-09 22:18:15.481 +01:00 [INF] Request finished HTTP/1.1 POST http://localhost:5001/api/auth/login - 200 null application/json; charset=utf-8 518.4874ms
2026-01-09 22:19:01.798 +01:00 [INF] Request starting HTTP/1.1 POST http://localhost:5001/api/auth/login - application/json 56
2026-01-09 22:19:01.801 +01:00 [INF] Executing endpoint 'CSharpAPI.Controllers.C_Auth.Login (CSharp Parking API)'
2026-01-09 22:19:01.802 +01:00 [INF] Route matched with {action = "Login", controller = "C_Auth"}. Executing controller action with signature System.Threading.Tasks.Task`1[Microsoft.AspNetCore.Mvc.IActionResult] Login(LoginRequest) on controller CSharpAPI.Controllers.C_Auth (CSharp Parking API).
2026-01-09 22:19:01.856 +01:00 [INF] Executed DbCommand (0ms) [Parameters=[@__request_Username_0='?' (Size = 8)], CommandType='"Text"', CommandTimeout='30']
SELECT "u"."id", "u"."active", "u"."birth_year", "u"."created_at", "u"."email", "u"."name", "u"."parking_lot_id", "u"."password", "u"."phone", "u"."role", "u"."username"
FROM "Users" AS "u"
WHERE "u"."username" = @__request_Username_0 AND "u"."active"
LIMIT 1
2026-01-09 22:19:02.102 +01:00 [INF] User lotadmin logged in successfully
2026-01-09 22:19:02.108 +01:00 [INF] Executing OkObjectResult, writing value of type '<>f__AnonymousType0`2[[System.String, System.Private.CoreLib, Version=8.0.0.0, Culture=neutral, PublicKeyToken=7cec85d7bea7798e],[System.DateTime, System.Private.CoreLib, Version=8.0.0.0, Culture=neutral, PublicKeyToken=7cec85d7bea7798e]]'.
2026-01-09 22:19:02.113 +01:00 [INF] Executed action CSharpAPI.Controllers.C_Auth.Login (CSharp Parking API) in 309.8096ms
2026-01-09 22:19:02.116 +01:00 [INF] Executed endpoint 'CSharpAPI.Controllers.C_Auth.Login (CSharp Parking API)'
2026-01-09 22:19:02.117 +01:00 [INF] Request finished HTTP/1.1 POST http://localhost:5001/api/auth/login - 200 null application/json; charset=utf-8 319.2825ms
2026-01-09 22:19:28.893 +01:00 [INF] Request starting HTTP/1.1 POST http://localhost:5001/api/auth/login - application/json 53
2026-01-09 22:19:28.896 +01:00 [INF] Executing endpoint 'CSharpAPI.Controllers.C_Auth.Login (CSharp Parking API)'
2026-01-09 22:19:28.897 +01:00 [INF] Route matched with {action = "Login", controller = "C_Auth"}. Executing controller action with signature System.Threading.Tasks.Task`1[Microsoft.AspNetCore.Mvc.IActionResult] Login(LoginRequest) on controller CSharpAPI.Controllers.C_Auth (CSharp Parking API).
2026-01-09 22:19:28.900 +01:00 [INF] Executed DbCommand (0ms) [Parameters=[@__request_Username_0='?' (Size = 4)], CommandType='"Text"', CommandTimeout='30']
SELECT "u"."id", "u"."active", "u"."birth_year", "u"."created_at", "u"."email", "u"."name", "u"."parking_lot_id", "u"."password", "u"."phone", "u"."role", "u"."username"
FROM "Users" AS "u"
WHERE "u"."username" = @__request_Username_0 AND "u"."active"
LIMIT 1
2026-01-09 22:19:29.136 +01:00 [INF] User user logged in successfully
2026-01-09 22:19:29.137 +01:00 [INF] Executing OkObjectResult, writing value of type '<>f__AnonymousType0`2[[System.String, System.Private.CoreLib, Version=8.0.0.0, Culture=neutral, PublicKeyToken=7cec85d7bea7798e],[System.DateTime, System.Private.CoreLib, Version=8.0.0.0, Culture=neutral, PublicKeyToken=7cec85d7bea7798e]]'.
2026-01-09 22:19:29.138 +01:00 [INF] Executed action CSharpAPI.Controllers.C_Auth.Login (CSharp Parking API) in 239.5994ms
2026-01-09 22:19:29.139 +01:00 [INF] Executed endpoint 'CSharpAPI.Controllers.C_Auth.Login (CSharp Parking API)'
2026-01-09 22:19:29.139 +01:00 [INF] Request finished HTTP/1.1 POST http://localhost:5001/api/auth/login - 200 null application/json; charset=utf-8 246.484ms
2026-01-09 22:23:56.911 +01:00 [INF] Request starting HTTP/1.1 GET http://localhost:5001/api/users/all - null null
2026-01-09 22:23:56.948 +01:00 [INF] Executed DbCommand (1ms) [Parameters=[@__tokenHash_0='?' (Size = 44)], CommandType='"Text"', CommandTimeout='30']
SELECT "r"."TokenId", "r"."ExpiresAt", "r"."RevokedAt", "r"."UserId"
FROM "RevokedTokens" AS "r"
WHERE "r"."TokenId" = @__tokenHash_0
LIMIT 1
2026-01-09 22:23:56.952 +01:00 [INF] Executing endpoint 'CSharpAPI.Controllers.C_Users.GetAllUsers (CSharp Parking API)'
2026-01-09 22:23:56.958 +01:00 [INF] Route matched with {action = "GetAllUsers", controller = "C_Users"}. Executing controller action with signature System.Threading.Tasks.Task`1[Microsoft.AspNetCore.Mvc.IActionResult] GetAllUsers(Int32) on controller CSharpAPI.Controllers.C_Users (CSharp Parking API).
2026-01-09 22:23:56.967 +01:00 [INF] Executed DbCommand (0ms) [Parameters=[], CommandType='"Text"', CommandTimeout='30']
SELECT "u"."id", "u"."active", "u"."birth_year", "u"."created_at", "u"."email", "u"."name", "u"."parking_lot_id", "u"."password", "u"."phone", "u"."role", "u"."username"
FROM "Users" AS "u"
2026-01-09 22:23:56.972 +01:00 [INF] Executing OkObjectResult, writing value of type '<>f__AnonymousType20`5[[System.Int32, System.Private.CoreLib, Version=8.0.0.0, Culture=neutral, PublicKeyToken=7cec85d7bea7798e],[System.Int32, System.Private.CoreLib, Version=8.0.0.0, Culture=neutral, PublicKeyToken=7cec85d7bea7798e],[System.Int32, System.Private.CoreLib, Version=8.0.0.0, Culture=neutral, PublicKeyToken=7cec85d7bea7798e],[System.Int32, System.Private.CoreLib, Version=8.0.0.0, Culture=neutral, PublicKeyToken=7cec85d7bea7798e],[System.Collections.Generic.IEnumerable`1[[<>f__AnonymousType19`10[[System.Guid, System.Private.CoreLib, Version=8.0.0.0, Culture=neutral, PublicKeyToken=7cec85d7bea7798e],[System.String, System.Private.CoreLib, Version=8.0.0.0, Culture=neutral, PublicKeyToken=7cec85d7bea7798e],[System.String, System.Private.CoreLib, Version=8.0.0.0, Culture=neutral, PublicKeyToken=7cec85d7bea7798e],[System.String, System.Private.CoreLib, Version=8.0.0.0, Culture=neutral, PublicKeyToken=7cec85d7bea7798e],[System.String, System.Private.CoreLib, Version=8.0.0.0, Culture=neutral, PublicKeyToken=7cec85d7bea7798e],[System.String, System.Private.CoreLib, Version=8.0.0.0, Culture=neutral, PublicKeyToken=7cec85d7bea7798e],[CSharpAPI.Models.M_Users+UserRole, CSharp Parking API, Version=1.0.0.0, Culture=neutral, PublicKeyToken=null],[System.DateTime, System.Private.CoreLib, Version=8.0.0.0, Culture=neutral, PublicKeyToken=7cec85d7bea7798e],[System.DateTime, System.Private.CoreLib, Version=8.0.0.0, Culture=neutral, PublicKeyToken=7cec85d7bea7798e],[System.Boolean, System.Private.CoreLib, Version=8.0.0.0, Culture=neutral, PublicKeyToken=7cec85d7bea7798e]], CSharp Parking API, Version=1.0.0.0, Culture=neutral, PublicKeyToken=null]], System.Private.CoreLib, Version=8.0.0.0, Culture=neutral, PublicKeyToken=7cec85d7bea7798e]]'.
2026-01-09 22:23:57.010 +01:00 [INF] Executed action CSharpAPI.Controllers.C_Users.GetAllUsers (CSharp Parking API) in 50.931ms
2026-01-09 22:23:57.011 +01:00 [INF] Executed endpoint 'CSharpAPI.Controllers.C_Users.GetAllUsers (CSharp Parking API)'
2026-01-09 22:23:57.012 +01:00 [INF] Request finished HTTP/1.1 GET http://localhost:5001/api/users/all - 200 null application/json; charset=utf-8 100.8293ms
2026-01-09 22:26:21.734 +01:00 [INF] Request starting HTTP/1.1 POST http://localhost:5001/api/billing/create - application/json 229
2026-01-09 22:26:21.739 +01:00 [INF] Executed DbCommand (0ms) [Parameters=[@__tokenHash_0='?' (Size = 44)], CommandType='"Text"', CommandTimeout='30']
SELECT "r"."TokenId", "r"."ExpiresAt", "r"."RevokedAt", "r"."UserId"
FROM "RevokedTokens" AS "r"
WHERE "r"."TokenId" = @__tokenHash_0
LIMIT 1
2026-01-09 22:26:21.742 +01:00 [INF] Executing endpoint 'CSharpAPI.Controllers.C_Billing.Create (CSharp Parking API)'
2026-01-09 22:26:21.746 +01:00 [INF] Route matched with {action = "Create", controller = "C_Billing"}. Executing controller action with signature System.Threading.Tasks.Task`1[Microsoft.AspNetCore.Mvc.IActionResult] Create(CSharpAPI.Models.M_Billing) on controller CSharpAPI.Controllers.C_Billing (CSharp Parking API).
2026-01-09 22:26:21.777 +01:00 [INF] Executing BadRequestObjectResult, writing value of type 'Microsoft.AspNetCore.Mvc.ValidationProblemDetails'.
2026-01-09 22:26:21.798 +01:00 [INF] Executed action CSharpAPI.Controllers.C_Billing.Create (CSharp Parking API) in 50.2527ms
2026-01-09 22:26:21.799 +01:00 [INF] Executed endpoint 'CSharpAPI.Controllers.C_Billing.Create (CSharp Parking API)'
2026-01-09 22:26:21.800 +01:00 [INF] Request finished HTTP/1.1 POST http://localhost:5001/api/billing/create - 400 null application/problem+json; charset=utf-8 66.3004ms
2026-01-09 22:28:31.021 +01:00 [INF] Request starting HTTP/1.1 POST http://localhost:5001/api/billing/create - application/json 228
2026-01-09 22:28:31.025 +01:00 [INF] Executed DbCommand (0ms) [Parameters=[@__tokenHash_0='?' (Size = 44)], CommandType='"Text"', CommandTimeout='30']
SELECT "r"."TokenId", "r"."ExpiresAt", "r"."RevokedAt", "r"."UserId"
FROM "RevokedTokens" AS "r"
WHERE "r"."TokenId" = @__tokenHash_0
LIMIT 1
2026-01-09 22:28:31.026 +01:00 [INF] Executing endpoint 'CSharpAPI.Controllers.C_Billing.Create (CSharp Parking API)'
2026-01-09 22:28:31.027 +01:00 [INF] Route matched with {action = "Create", controller = "C_Billing"}. Executing controller action with signature System.Threading.Tasks.Task`1[Microsoft.AspNetCore.Mvc.IActionResult] Create(CSharpAPI.Models.M_Billing) on controller CSharpAPI.Controllers.C_Billing (CSharp Parking API).
2026-01-09 22:28:31.029 +01:00 [INF] Executing BadRequestObjectResult, writing value of type 'Microsoft.AspNetCore.Mvc.ValidationProblemDetails'.
2026-01-09 22:28:31.030 +01:00 [INF] Executed action CSharpAPI.Controllers.C_Billing.Create (CSharp Parking API) in 1.7878ms
2026-01-09 22:28:31.031 +01:00 [INF] Executed endpoint 'CSharpAPI.Controllers.C_Billing.Create (CSharp Parking API)'
2026-01-09 22:28:31.032 +01:00 [INF] Request finished HTTP/1.1 POST http://localhost:5001/api/billing/create - 400 null application/problem+json; charset=utf-8 10.4342ms
2026-01-09 22:29:32.836 +01:00 [INF] Request starting HTTP/1.1 POST http://localhost:5001/api/billing/create - application/json 246
2026-01-09 22:29:32.842 +01:00 [INF] Executed DbCommand (0ms) [Parameters=[@__tokenHash_0='?' (Size = 44)], CommandType='"Text"', CommandTimeout='30']
SELECT "r"."TokenId", "r"."ExpiresAt", "r"."RevokedAt", "r"."UserId"
FROM "RevokedTokens" AS "r"
WHERE "r"."TokenId" = @__tokenHash_0
LIMIT 1
2026-01-09 22:29:32.846 +01:00 [INF] Executing endpoint 'CSharpAPI.Controllers.C_Billing.Create (CSharp Parking API)'
2026-01-09 22:29:32.848 +01:00 [INF] Route matched with {action = "Create", controller = "C_Billing"}. Executing controller action with signature System.Threading.Tasks.Task`1[Microsoft.AspNetCore.Mvc.IActionResult] Create(CSharpAPI.Models.M_Billing) on controller CSharpAPI.Controllers.C_Billing (CSharp Parking API).
2026-01-09 22:29:32.870 +01:00 [INF] Executing BadRequestObjectResult, writing value of type 'System.String'.
2026-01-09 22:29:32.872 +01:00 [INF] Executed action CSharpAPI.Controllers.C_Billing.Create (CSharp Parking API) in 20.5741ms
2026-01-09 22:29:32.873 +01:00 [INF] Executed endpoint 'CSharpAPI.Controllers.C_Billing.Create (CSharp Parking API)'
2026-01-09 22:29:32.873 +01:00 [INF] Request finished HTTP/1.1 POST http://localhost:5001/api/billing/create - 400 null text/plain; charset=utf-8 37.0663ms
2026-01-09 22:30:35.137 +01:00 [INF] Request starting HTTP/1.1 POST http://localhost:5001/api/billing/create - application/json 228
2026-01-09 22:30:35.141 +01:00 [INF] Executed DbCommand (0ms) [Parameters=[@__tokenHash_0='?' (Size = 44)], CommandType='"Text"', CommandTimeout='30']
SELECT "r"."TokenId", "r"."ExpiresAt", "r"."RevokedAt", "r"."UserId"
FROM "RevokedTokens" AS "r"
WHERE "r"."TokenId" = @__tokenHash_0
LIMIT 1
2026-01-09 22:30:35.144 +01:00 [INF] Executing endpoint 'CSharpAPI.Controllers.C_Billing.Create (CSharp Parking API)'
2026-01-09 22:30:35.145 +01:00 [INF] Route matched with {action = "Create", controller = "C_Billing"}. Executing controller action with signature System.Threading.Tasks.Task`1[Microsoft.AspNetCore.Mvc.IActionResult] Create(CSharpAPI.Models.M_Billing) on controller CSharpAPI.Controllers.C_Billing (CSharp Parking API).
2026-01-09 22:30:35.147 +01:00 [INF] Executing BadRequestObjectResult, writing value of type 'Microsoft.AspNetCore.Mvc.ValidationProblemDetails'.
2026-01-09 22:30:35.148 +01:00 [INF] Executed action CSharpAPI.Controllers.C_Billing.Create (CSharp Parking API) in 1.8961ms
2026-01-09 22:30:35.149 +01:00 [INF] Executed endpoint 'CSharpAPI.Controllers.C_Billing.Create (CSharp Parking API)'
2026-01-09 22:30:35.150 +01:00 [INF] Request finished HTTP/1.1 POST http://localhost:5001/api/billing/create - 400 null application/problem+json; charset=utf-8 12.6945ms
2026-01-09 22:32:14.181 +01:00 [INF] Request starting HTTP/1.1 POST http://localhost:5001/api/billing/create - application/json 229
2026-01-09 22:32:14.185 +01:00 [INF] Executed DbCommand (0ms) [Parameters=[@__tokenHash_0='?' (Size = 44)], CommandType='"Text"', CommandTimeout='30']
SELECT "r"."TokenId", "r"."ExpiresAt", "r"."RevokedAt", "r"."UserId"
FROM "RevokedTokens" AS "r"
WHERE "r"."TokenId" = @__tokenHash_0
LIMIT 1
2026-01-09 22:32:14.186 +01:00 [INF] Executing endpoint 'CSharpAPI.Controllers.C_Billing.Create (CSharp Parking API)'
2026-01-09 22:32:14.187 +01:00 [INF] Route matched with {action = "Create", controller = "C_Billing"}. Executing controller action with signature System.Threading.Tasks.Task`1[Microsoft.AspNetCore.Mvc.IActionResult] Create(CSharpAPI.Models.M_Billing) on controller CSharpAPI.Controllers.C_Billing (CSharp Parking API).
2026-01-09 22:32:14.189 +01:00 [INF] Executing BadRequestObjectResult, writing value of type 'Microsoft.AspNetCore.Mvc.ValidationProblemDetails'.
2026-01-09 22:32:14.190 +01:00 [INF] Executed action CSharpAPI.Controllers.C_Billing.Create (CSharp Parking API) in 1.359ms
2026-01-09 22:32:14.190 +01:00 [INF] Executed endpoint 'CSharpAPI.Controllers.C_Billing.Create (CSharp Parking API)'
2026-01-09 22:32:14.191 +01:00 [INF] Request finished HTTP/1.1 POST http://localhost:5001/api/billing/create - 400 null application/problem+json; charset=utf-8 9.7004ms
2026-01-09 22:34:49.596 +01:00 [INF] Request starting HTTP/1.1 POST http://localhost:5001/api/billing/create - application/json 378
2026-01-09 22:34:49.600 +01:00 [INF] Executed DbCommand (0ms) [Parameters=[@__tokenHash_0='?' (Size = 44)], CommandType='"Text"', CommandTimeout='30']
SELECT "r"."TokenId", "r"."ExpiresAt", "r"."RevokedAt", "r"."UserId"
FROM "RevokedTokens" AS "r"
WHERE "r"."TokenId" = @__tokenHash_0
LIMIT 1
2026-01-09 22:34:49.601 +01:00 [INF] Executing endpoint 'CSharpAPI.Controllers.C_Billing.Create (CSharp Parking API)'
2026-01-09 22:34:49.602 +01:00 [INF] Route matched with {action = "Create", controller = "C_Billing"}. Executing controller action with signature System.Threading.Tasks.Task`1[Microsoft.AspNetCore.Mvc.IActionResult] Create(CSharpAPI.Models.M_Billing) on controller CSharpAPI.Controllers.C_Billing (CSharp Parking API).
2026-01-09 22:34:49.623 +01:00 [INF] Executed DbCommand (0ms) [Parameters=[@__bill_user_id_0='?' (DbType = Guid)], CommandType='"Text"', CommandTimeout='30']
SELECT EXISTS (
    SELECT 1
    FROM "Users" AS "u"
    WHERE "u"."id" = @__bill_user_id_0 AND "u"."active")
2026-01-09 22:34:49.655 +01:00 [INF] Executed DbCommand (1ms) [Parameters=[@__Format_0_startswith='?' (Size = 14)], CommandType='"Text"', CommandTimeout='30']
SELECT COUNT(*)
FROM "Billing" AS "b"
WHERE "b"."invoice_number" IS NOT NULL AND "b"."invoice_number" LIKE @__Format_0_startswith ESCAPE '\'
2026-01-09 22:34:49.707 +01:00 [INF] Executed DbCommand (1ms) [Parameters=[@p0='?' (DbType = Guid), @p1='?' (DbType = Decimal), @p2='?' (DbType = DateTime), @p3='?' (Size = 3), @p4='?' (Size = 9), @p5='?' (DbType = DateTime), @p6='?' (Size = 18), @p7='?' (DbType = Boolean), @p8='?' (DbType = DateTime), @p9='?' (DbType = Guid), @p10='?' (DbType = Guid), @p11='?' (DbType = Guid), @p12='?' (DbType = Int32), @p13='?' (DbType = Int32), @p14='?' (DbType = Guid)], CommandType='"Text"', CommandTimeout='30']
INSERT INTO "Billing" ("id", "amount", "created_at", "currency", "description", "due_date", "invoice_number", "paid", "paid_at", "payment_id", "reservation_id", "session_id", "status", "type", "user_id")
VALUES (@p0, @p1, @p2, @p3, @p4, @p5, @p6, @p7, @p8, @p9, @p10, @p11, @p12, @p13, @p14);
2026-01-09 22:34:49.711 +01:00 [INF] Executing CreatedAtActionResult, writing value of type 'CSharpAPI.Models.M_Billing'.
2026-01-09 22:34:49.735 +01:00 [INF] Executed action CSharpAPI.Controllers.C_Billing.Create (CSharp Parking API) in 132.4354ms
2026-01-09 22:34:49.737 +01:00 [INF] Executed endpoint 'CSharpAPI.Controllers.C_Billing.Create (CSharp Parking API)'
2026-01-09 22:34:49.737 +01:00 [INF] Request finished HTTP/1.1 POST http://localhost:5001/api/billing/create - 201 null application/json; charset=utf-8 141.3373ms
